Map Size (X,Y): 100,100
Start: 0,0
S...................................................................................................
....................................................................................................
....................................................................................................
....................................................................................................
....................................................................................................
....................................................................................................
....................................................................................................
....................................................................................................
....................................................................................................
....................................................................................................
....................................................................................................
....................................................................................................
..................................................O.................................................
..................................................O.................................................
..................................................O.................................................
..................................................O.................................................
..................................................O.................................................
..................................................O.................................................
..................................................O.................................................
..................................................O.................................................
..................................................O.................................................
..................................................O.................................................
..................................................O.................................................
..................................................O.................................................
..................................................O.................................................
..................................................O.................................................
..................................................O.................................................
..................................................O.................................................
..................................................O.................................................
..................................................O.................................................
..................................................O.................................................
..................................................O.................................................
..................................................O.................................................
..................................................O.................................................
..................................................O.................................................
..................................................O.................................................
..................................................O.................................................
..................................................O.................................................
..................................................O.................................................
..................................................O.................................................
..................................................O.................................................
..................................................O.................................................
..................................................O.................................................
..................................................O.................................................
..................................................O.................................................
..................................................O.................................................
..................................................O.................................................
..................................................O.................................................
..................................................O.................................................
..................................................O.................................................
............OOOOOOOOOOOOOOOOOOOOOOOOOOOOOOOOOOOOOOOOOOOOOOOOOOOOOOOOOOOOOOOOOOOOOOOOOOO.............
..................................................O.................................................
..................................................O.................................................
..................................................O.................................................
..................................................O.................................................
..................................................O.................................................
..................................................O.................................................
..................................................O.................................................
..................................................O.................................................
..................................................O.................................................
..................................................O.................................................
..................................................O.................................................
..................................................O.................................................
..................................................O.................................................
..................................................O.................................................
..................................................O.................................................
..................................................O.................................................
..................................................O.................................................
..................................................O.................................................
..................................................O.................................................
..................................................O.................................................
..................................................O.................................................
..................................................O.................................................
..................................................O.................................................
..................................................O.................................................
..................................................O.................................................
..................................................O.................................................
..................................................O.................................................
..................................................O.................................................
..................................................O.................................................
..................................................O.................................................
..................................................O.................................................
..................................................O.................................................
..................................................O.................................................
..................................................O.................................................
..................................................O.................................................
..................................................O.................................................
....................................................................................................
....................................................................................................
....................................................................................................
....................................................................................................
....................................................................................................
....................................................................................................
....................................................................................................
....................................................................................................
....................................................................................................
....................................................................................................
....................................................................................................
....................................................................................................
....................................................................................................

Grid :
0.1875 0.0703125 0.0625 0.125 0.0625 0.125 0.0625 0.125 0.0625 0.125 0.0625 0.125 0.0625 0.125 0.0625 0.125 0.0625 0.125 0.0625 0.125 0.0625 0.125 0.0625 0.125 0.0625 0.125 0.0625 0.125 0.0625 0.125 0.0625 0.125 0.0625 0.125 0.0625 0.125 0.0625 0.125 0.0625 0.125 0.0625 0.125 0.0625 0.125 0.0625 0.125 0.0625 0.125 0.0625 0.125 0.0625 0.125 0.0625 0.125 0.0625 0.125 0.0625 0.125 0.0625 0.125 0.0625 0.125 0.0625 0.125 0.0625 0.125 0.0625 0.125 0.0625 0.125 0.0625 0.125 0.0625 0.125 0.0625 0.125 0.0625 0.125 0.0625 0.125 0.0625 0.125 0.0625 0.125 0.0625 0.125 0.0625 0.125 0.0625 0.125 0.0625 0.125 0.0625 0.125 0.0625 0.125 0.0625 0.125 0.015625 0.125 
0.078125 0.0351563 0.125 0.0625 0.125 0.0625 0.125 0.0625 0.125 0.0625 0.125 0.0625 0.125 0.0625 0.125 0.0625 0.125 0.0625 0.125 0.0625 0.125 0.0625 0.125 0.0625 0.125 0.0625 0.125 0.0625 0.125 0.0625 0.125 0.0625 0.125 0.0625 0.125 0.0625 0.125 0.0625 0.125 0.0625 0.125 0.0625 0.125 0.0625 0.125 0.0625 0.125 0.0625 0.125 0.0625 0.125 0.0625 0.125 0.0625 0.125 0.0625 0.125 0.0625 0.125 0.0625 0.125 0.0625 0.125 0.0625 0.125 0.0625 0.125 0.0625 0.125 0.0625 0.125 0.0625 0.125 0.0625 0.125 0.0625 0.125 0.0625 0.125 0.0625 0.125 0.0625 0.125 0.0625 0.125 0.0625 0.125 0.0625 0.125 0.0625 0.125 0.0625 0.125 0.0625 0.125 0.0625 0.125 0.0625 0.015625 0.03125 
0.046875 0.0117188 0.03125 0.015625 0.03125 0.015625 0.03125 0.015625 0.03125 0.015625 0.03125 0.015625 0.03125 0.015625 0.03125 0.015625 0.03125 0.015625 0.03125 0.015625 0.03125 0.015625 0.03125 0.015625 0.03125 0.015625 0.03125 0.015625 0.03125 0.015625 0.03125 0.015625 0.03125 0.015625 0.03125 0.015625 0.03125 0.015625 0.03125 0.015625 0.03125 0.015625 0.03125 0.015625 0.03125 0.015625 0.03125 0.015625 0.03125 0.015625 0.03125 0.015625 0.03125 0.015625 0.03125 0.015625 0.03125 0.015625 0.03125 0.015625 0.03125 0.015625 0.03125 0.015625 0.03125 0.015625 0.03125 0.015625 0.03125 0.015625 0.03125 0.015625 0.03125 0.015625 0.03125 0.015625 0.03125 0.015625 0.03125 0.015625 0.03125 0.015625 0.03125 0.015625 0.03125 0.015625 0.03125 0.015625 0.03125 0.015625 0.03125 0.015625 0.03125 0.015625 0.03125 0.015625 0.03125 0.015625 0.015625 0.0625 
0.125 0.03125 0.0625 0.125 0.125 0.125 0.125 0.125 0.125 0.125 0.125 0.125 0.125 0.125 0.125 0.125 0.125 0.125 0.125 0.125 0.125 0.125 0.125 0.125 0.125 0.125 0.125 0.125 0.125 0.125 0.125 0.125 0.125 0.125 0.125 0.125 0.125 0.125 0.125 0.125 0.125 0.125 0.125 0.125 0.125 0.125 0.125 0.125 0.125 0.125 0.125 0.125 0.125 0.125 0.125 0.125 0.125 0.125 0.125 0.125 0.125 0.125 0.125 0.125 0.125 0.125 0.125 0.125 0.125 0.125 0.125 0.125 0.125 0.125 0.125 0.125 0.125 0.125 0.125 0.125 0.125 0.125 0.125 0.125 0.125 0.125 0.125 0.125 0.125 0.125 0.125 0.125 0.125 0.125 0.125 0.125 0.125 0.125 0.125 0.125 
0.015625 0.015625 0.015625 0.015625 0.0078125 0.0078125 0.0078125 0.0078125 0.0078125 0.0078125 0.0078125 0.0078125 0.0078125 0.0078125 0.0078125 0.0078125 0.0078125 0.0078125 0.0078125 0.0078125 0.0078125 0.0078125 0.0078125 0.0078125 0.0078125 0.0078125 0.0078125 0.0078125 0.0078125 0.0078125 0.0078125 0.0078125 0.0078125 0.0078125 0.0078125 0.0078125 0.0078125 0.0078125 0.0078125 0.0078125 0.0078125 0.0078125 0.0078125 0.0078125 0.0078125 0.0078125 0.0078125 0.0078125 0.0078125 0.0078125 0.0078125 0.0078125 0.0078125 0.0078125 0.0078125 0.0078125 0.0078125 0.0078125 0.0078125 0.0078125 0.0078125 0.0078125 0.0078125 0.0078125 0.0078125 0.0078125 0.0078125 0.0078125 0.0078125 0.0078125 0.0078125 0.0078125 0.0078125 0.0078125 0.0078125 0.0078125 0.0078125 0.0078125 0.0078125 0.0078125 0.0078125 0.0078125 0.0078125 0.0078125 0.0078125 0.0078125 0.0078125 0.0078125 0.0078125 0.0078125 0.0078125 0.0078125 0.0078125 0.0078125 0.0078125 0.0078125 0.0078125 0.015625 0.015625 0.0625 
0.125 0.03125 0.0625 0.125 0.125 0.125 0.125 0.125 0.125 0.125 0.125 0.125 0.125 0.125 0.125 0.125 0.125 0.125 0.125 0.125 0.125 0.125 0.125 0.125 0.125 0.125 0.125 0.125 0.125 0.125 0.125 0.125 0.125 0.125 0.125 0.125 0.125 0.125 0.125 0.125 0.125 0.125 0.125 0.125 0.125 0.125 0.125 0.125 0.125 0.125 0.125 0.125 0.125 0.125 0.125 0.125 0.125 0.125 0.125 0.125 0.125 0.125 0.125 0.125 0.125 0.125 0.125 0.125 0.125 0.125 0.125 0.125 0.125 0.125 0.125 0.125 0.125 0.125 0.125 0.125 0.125 0.125 0.125 0.125 0.125 0.125 0.125 0.125 0.125 0.125 0.125 0.125 0.125 0.125 0.125 0.125 0.125 0.125 0.015625 0.125 
0.125 0.015625 0.125 0.0078125 0.0078125 0.00390625 0.0078125 0.0078125 0.0078125 0.0078125 0.0078125 0.0078125 0.0078125 0.0078125 0.0078125 0.0078125 0.0078125 0.0078125 0.0078125 0.0078125 0.0078125 0.0078125 0.0078125 0.0078125 0.0078125 0.0078125 0.0078125 0.0078125 0.0078125 0.0078125 0.0078125 0.0078125 0.0078125 0.0078125 0.0078125 0.0078125 0.0078125 0.0078125 0.0078125 0.0078125 0.0078125 0.0078125 0.0078125 0.0078125 0.0078125 0.0078125 0.0078125 0.0078125 0.015625 0.03125 0.015625 0.015625 0.015625 0.03125 0.03125 0.015625 0.03125 0.015625 0.03125 0.015625 0.03125 0.015625 0.03125 0.015625 0.03125 0.015625 0.03125 0.015625 0.03125 0.015625 0.03125 0.015625 0.03125 0.015625 0.03125 0.015625 0.03125 0.015625 0.03125 0.015625 0.03125 0.015625 0.03125 0.015625 0.03125 0.015625 0.03125 0.015625 0.03125 0.015625 0.03125 0.015625 0.03125 0.015625 0.03125 0.015625 0.03125 0.03125 0.015625 0.03125 
0.125 0.0078125 0.125 0.015625 0.125 0.03125 0.0625 0.125 0.125 0.125 0.125 0.125 0.125 0.125 0.125 0.125 0.125 0.125 0.125 0.125 0.125 0.125 0.125 0.125 0.125 0.125 0.125 0.125 0.125 0.125 0.125 0.125 0.125 0.125 0.125 0.125 0.125 0.125 0.125 0.125 0.125 0.125 0.125 0.125 0.125 0.125 0.125 0.125 0.125 0.03125 0.015625 0.125 0.0625 0.125 0.125 0.0625 0.125 0.0625 0.125 0.0625 0.125 0.0625 0.125 0.0625 0.125 0.0625 0.125 0.0625 0.125 0.0625 0.125 0.0625 0.125 0.0625 0.125 0.0625 0.125 0.0625 0.125 0.0625 0.125 0.0625 0.125 0.0625 0.125 0.0625 0.125 0.0625 0.125 0.0625 0.125 0.0625 0.125 0.0625 0.125 0.0625 0.125 0.0625 0.015625 0.0625 
0.125 0.0078125 0.125 0.0078125 0.015625 0.015625 0.015625 0.015625 0.0078125 0.0078125 0.0078125 0.0078125 0.0078125 0.0078125 0.0078125 0.0078125 0.0078125 0.0078125 0.0078125 0.0078125 0.0078125 0.0078125 0.0078125 0.0078125 0.0078125 0.0078125 0.0078125 0.0078125 0.0078125 0.0078125 0.0078125 0.0078125 0.0078125 0.0078125 0.0078125 0.0078125 0.0078125 0.0078125 0.0078125 0.0078125 0.0078125 0.0078125 0.0078125 0.015625 0.03125 0.015625 0.015625 0.015625 0.03125 0.03125 0.03125 0.015625 0.03125 0.125 0.0625 0.125 0.0625 0.125 0.0625 0.125 0.0625 0.125 0.0625 0.125 0.0625 0.125 0.0625 0.125 0.0625 0.125 0.0625 0.125 0.0625 0.125 0.0625 0.125 0.0625 0.125 0.0625 0.125 0.0625 0.125 0.0625 0.125 0.0625 0.125 0.0625 0.125 0.0625 0.125 0.0625 0.125 0.0625 0.125 0.0625 0.125 0.03125 0.125 0.015625 0.125 
0.125 0.0078125 0.125 0.015625 0.125 0.03125 0.0625 0.125 0.125 0.125 0.125 0.125 0.125 0.125 0.125 0.125 0.125 0.125 0.125 0.125 0.125 0.125 0.125 0.125 0.125 0.125 0.125 0.125 0.125 0.125 0.125 0.125 0.125 0.125 0.125 0.125 0.125 0.125 0.125 0.125 0.125 0.125 0.125 0.125 0.03125 0.015625 0.125 0.0625 0.0625 0.03125 0.015625 0.03125 0.125 0.0625 0.03125 0.03125 0.015625 0.03125 0.015625 0.03125 0.015625 0.03125 0.015625 0.03125 0.015625 0.03125 0.015625 0.03125 0.015625 0.03125 0.015625 0.03125 0.015625 0.03125 0.015625 0.03125 0.015625 0.03125 0.015625 0.03125 0.015625 0.03125 0.015625 0.03125 0.015625 0.03125 0.015625 0.03125 0.015625 0.03125 0.015625 0.03125 0.015625 0.03125 0.015625 0.03125 0.015625 0.125 0.015625 0.125 
0.125 0.0078125 0.125 0.0078125 0.125 0.015625 0.125 0.0078125 0.0078125 0.00390625 0.0078125 0.0078125 0.0078125 0.0078125 0.0078125 0.0078125 0.0078125 0.0078125 0.0078125 0.0078125 0.0078125 0.0078125 0.0078125 0.0078125 0.0078125 0.0078125 0.0078125 0.0078125 0.0078125 0.0078125 0.0078125 0.0078125 0.0078125 0.0078125 0.0078125 0.0078125 0.0078125 0.0078125 0.015625 0.03125 0.015625 0.015625 0.015625 0.03125 0.03125 0.03125 0.015625 0.03125 0.125 0.03125 0.03125 0.0625 0.0625 0.0625 0.125 0.125 0.125 0.125 0.125 0.125 0.125 0.125 0.125 0.125 0.125 0.125 0.125 0.125 0.125 0.125 0.125 0.125 0.125 0.125 0.125 0.125 0.125 0.125 0.125 0.125 0.125 0.125 0.125 0.125 0.125 0.125 0.125 0.125 0.125 0.125 0.125 0.125 0.125 0.125 0.125 0.125 0.125 0.125 0.03125 0.125 
0.125 0.0078125 0.125 0.0078125 0.125 0.0078125 0.125 0.015625 0.125 0.03125 0.0625 0.125 0.125 0.125 0.125 0.125 0.125 0.125 0.125 0.125 0.125 0.125 0.125 0.125 0.125 0.125 0.125 0.125 0.125 0.125 0.125 0.125 0.125 0.125 0.125 0.125 0.125 0.125 0.125 0.03125 0.015625 0.125 0.0625 0.0625 0.03125 0.015625 0.03125 0.125 0.03125 0.015625 0.03125 0.015625 0.03125 0.125 0.03125 0.015625 0.0078125 0.0078125 0.0078125 0.0078125 0.0078125 0.0078125 0.0078125 0.0078125 0.0078125 0.0078125 0.0078125 0.0078125 0.0078125 0.0078125 0.0078125 0.0078125 0.0078125 0.0078125 0.0078125 0.0078125 0.0078125 0.0078125 0.0078125 0.0078125 0.0078125 0.0078125 0.0078125 0.015625 0.03125 0.015625 0.015625 0.015625 0.03125 0.03125 0.015625 0.03125 0.015625 0.03125 0.015625 0.03125 0.015625 0.0625 0.015625 0.125 
0.125 0.0078125 0.125 0.0078125 0.125 0.0078125 0.125 0.0078125 0.015625 0.015625 0.015625 0.015625 0.0078125 0.0078125 0.0078125 0.0078125 0.0078125 0.0078125 0.0078125 0.0078125 0.0078125 0.0078125 0.0078125 0.0078125 0.0078125 0.0078125 0.0078125 0.0078125 0.0078125 0.0078125 0.0078125 0.0078125 0.0078125 0.015625 0.03125 0.015625 0.015625 0.015625 0.03125 0.03125 0.03125 0.015625 0.03125 0.125 0.0625 0.0625 0.125 0.0625 0.015625 0.03125 0.999023 0.0078125 0.015625 0.0625 0.0625 0.125 0.125 0.125 0.125 0.125 0.125 0.125 0.125 0.125 0.125 0.125 0.125 0.125 0.125 0.125 0.125 0.125 0.125 0.125 0.125 0.125 0.125 0.125 0.125 0.125 0.125 0.125 0.125 0.125 0.03125 0.015625 0.125 0.0625 0.125 0.125 0.0625 0.125 0.0625 0.125 0.0625 0.125 0.03125 0.125 0.0078125 0.0625 
0.125 0.0078125 0.125 0.0078125 0.125 0.0078125 0.125 0.015625 0.125 0.03125 0.0625 0.125 0.125 0.125 0.125 0.125 0.125 0.125 0.125 0.125 0.125 0.125 0.125 0.125 0.125 0.125 0.125 0.125 0.125 0.125 0.125 0.125 0.125 0.125 0.03125 0.015625 0.125 0.0625 0.0625 0.03125 0.015625 0.03125 0.125 0.0625 0.0625 0.125 0.0625 0.0625 0.015625 0.03125 0.999756 0.015625 0.000976563 0.0625 0.125 0.03125 0.015625 0.0078125 0.0078125 0.0078125 0.0078125 0.0078125 0.0078125 0.0078125 0.0078125 0.0078125 0.0078125 0.0078125 0.0078125 0.0078125 0.0078125 0.0078125 0.0078125 0.0078125 0.0078125 0.0078125 0.0078125 0.0078125 0.015625 0.03125 0.015625 0.015625 0.015625 0.03125 0.03125 0.03125 0.015625 0.03125 0.125 0.0625 0.125 0.0625 0.125 0.0625 0.125 0.0625 0.0625 0.015625 0.0078125 0.03125 
0.125 0.0078125 0.125 0.0078125 0.125 0.0078125 0.125 0.0078125 0.125 0.015625 0.125 0.0078125 0.0078125 0.00390625 0.0078125 0.0078125 0.0078125 0.0078125 0.0078125 0.0078125 0.0078125 0.0078125 0.0078125 0.0078125 0.0078125 0.0078125 0.0078125 0.0078125 0.015625 0.03125 0.015625 0.015625 0.015625 0.03125 0.03125 0.03125 0.015625 0.03125 0.125 0.0625 0.0625 0.125 0.0625 0.0625 0.125 0.0625 0.0625 0.125 0.015625 0.0625 0.999878 0.0078125 0.000244141 0.125 0.03125 0.0625 0.125 0.125 0.125 0.125 0.125 0.125 0.125 0.125 0.125 0.125 0.125 0.125 0.125 0.125 0.125 0.125 0.125 0.125 0.125 0.125 0.125 0.125 0.125 0.03125 0.015625 0.125 0.0625 0.0625 0.03125 0.015625 0.03125 0.125 0.0625 0.03125 0.03125 0.015625 0.03125 0.015625 0.03125 0.015625 0.03125 0.015625 0.015625 0.03125 
0.125 0.0078125 0.125 0.0078125 0.125 0.0078125 0.125 0.0078125 0.125 0.0078125 0.125 0.015625 0.125 0.03125 0.0625 0.125 0.125 0.125 0.125 0.125 0.125 0.125 0.125 0.125 0.125 0.125 0.125 0.125 0.125 0.03125 0.015625 0.125 0.0625 0.0625 0.03125 0.015625 0.03125 0.125 0.0625 0.0625 0.125 0.0625 0.0625 0.125 0.0625 0.0625 0.125 0.0625 0.03125 0.125 0.999878 0.00390625 6.10352e-005 0.125 0.015625 0.125 0.0078125 0.0078125 0.00390625 0.0078125 0.0078125 0.0078125 0.0078125 0.0078125 0.0078125 0.0078125 0.0078125 0.0078125 0.0078125 0.0078125 0.0078125 0.0078125 0.0078125 0.015625 0.03125 0.015625 0.015625 0.015625 0.03125 0.03125 0.03125 0.015625 0.03125 0.125 0.0625 0.0625 0.125 0.0625 0.0625 0.125 0.125 0.125 0.125 0.125 0.125 0.125 0.125 0.125 0.015625 0.0625 
0.125 0.0078125 0.125 0.0078125 0.125 0.0078125 0.125 0.0078125 0.125 0.0078125 0.125 0.0078125 0.015625 0.015625 0.015625 0.015625 0.0078125 0.0078125 0.0078125 0.0078125 0.0078125 0.0078125 0.0078125 0.015625 0.03125 0.015625 0.015625 0.015625 0.03125 0.03125 0.03125 0.015625 0.03125 0.125 0.0625 0.0625 0.125 0.0625 0.0625 0.125 0.0625 0.0625 0.125 0.0625 0.0625 0.125 0.0625 0.0625 0.125 0.125 0.999023 0.015625 0.00012207 0.0625 0.0078125 0.125 0.015625 0.125 0.03125 0.0625 0.125 0.125 0.125 0.125 0.125 0.125 0.125 0.125 0.125 0.125 0.125 0.125 0.125 0.125 0.03125 0.015625 0.125 0.0625 0.0625 0.03125 0.015625 0.03125 0.125 0.0625 0.0625 0.125 0.0625 0.0625 0.125 0.03125 0.03125 0.015625 0.03125 0.015625 0.03125 0.015625 0.03125 0.0625 0.03125 0.125 
0.125 0.0078125 0.125 0.0078125 0.125 0.0078125 0.125 0.0078125 0.125 0.0078125 0.125 0.015625 0.125 0.03125 0.0625 0.125 0.125 0.125 0.125 0.125 0.125 0.125 0.125 0.125 0.03125 0.015625 0.125 0.0625 0.0625 0.03125 0.015625 0.03125 0.125 0.0625 0.0625 0.125 0.0625 0.0625 0.125 0.0625 0.0625 0.125 0.0625 0.0625 0.125 0.0625 0.0625 0.125 0.03125 0.0625 0.998047 0.0078125 0.000488281 0.03125 0.00390625 0.125 0.0078125 0.015625 0.015625 0.015625 0.015625 0.0078125 0.0078125 0.0078125 0.0078125 0.0078125 0.0078125 0.0078125 0.015625 0.03125 0.015625 0.015625 0.015625 0.03125 0.03125 0.03125 0.015625 0.03125 0.125 0.0625 0.0625 0.125 0.0625 0.0625 0.125 0.0625 0.0625 0.125 0.0625 0.0625 0.125 0.0625 0.125 0.0625 0.125 0.0625 0.125 0.125 0.03125 0.125 
0.125 0.0078125 0.125 0.0078125 0.125 0.0078125 0.125 0.0078125 0.125 0.0078125 0.125 0.0078125 0.125 0.015625 0.125 0.0078125 0.0078125 0.00390625 0.015625 0.03125 0.015625 0.015625 0.015625 0.03125 0.03125 0.03125 0.015625 0.03125 0.125 0.0625 0.0625 0.125 0.0625 0.0625 0.125 0.0625 0.0625 0.125 0.0625 0.0625 0.125 0.0625 0.0625 0.125 0.0625 0.0625 0.125 0.0625 0.015625 0.125 0.992188 0.0625 0.00195313 0.03125 0.00195313 0.0625 0.015625 0.125 0.03125 0.0625 0.125 0.125 0.125 0.125 0.125 0.125 0.125 0.125 0.125 0.03125 0.015625 0.125 0.0625 0.0625 0.03125 0.015625 0.03125 0.125 0.0625 0.0625 0.125 0.0625 0.0625 0.125 0.0625 0.0625 0.125 0.0625 0.0625 0.125 0.0625 0.125 0.0625 0.125 0.0625 0.125 0.03125 0.125 0.015625 0.125 
0.125 0.0078125 0.125 0.0078125 0.125 0.0078125 0.125 0.0078125 0.125 0.0078125 0.125 0.0078125 0.125 0.0078125 0.125 0.015625 0.125 0.03125 0.0625 0.03125 0.015625 0.125 0.0625 0.0625 0.03125 0.015625 0.03125 0.125 0.0625 0.0625 0.125 0.0625 0.0625 0.125 0.0625 0.0625 0.125 0.0625 0.0625 0.125 0.0625 0.0625 0.125 0.0625 0.0625 0.125 0.0625 0.0625 0.015625 0.03125 0.996094 0.125 0.00390625 0.03125 0.00195313 0.03125 0.00390625 0.125 0.015625 0.125 0.0078125 0.0078125 0.00390625 0.015625 0.03125 0.015625 0.015625 0.015625 0.03125 0.03125 0.03125 0.015625 0.03125 0.125 0.0625 0.0625 0.125 0.0625 0.0625 0.125 0.0625 0.0625 0.125 0.0625 0.0625 0.125 0.0625 0.0625 0.125 0.0625 0.03125 0.03125 0.015625 0.03125 0.015625 0.03125 0.015625 0.125 0.015625 0.125 
0.125 0.0078125 0.125 0.0078125 0.125 0.0078125 0.125 0.0078125 0.125 0.0078125 0.125 0.0078125 0.125 0.0078125 0.125 0.00390625 0.0078125 0.0078125 0.015625 0.03125 0.03125 0.015625 0.03125 0.125 0.0625 0.0625 0.125 0.0625 0.0625 0.125 0.0625 0.0625 0.125 0.0625 0.0625 0.125 0.0625 0.0625 0.125 0.0625 0.0625 0.125 0.0625 0.0625 0.125 0.0625 0.0625 0.125 0.015625 0.0625 0.992188 0.125 0.0078125 0.0625 0.00195313 0.03125 0.00195313 0.0625 0.0078125 0.125 0.015625 0.125 0.03125 0.0625 0.03125 0.015625 0.125 0.0625 0.0625 0.03125 0.015625 0.03125 0.125 0.0625 0.0625 0.125 0.0625 0.0625 0.125 0.0625 0.0625 0.125 0.0625 0.0625 0.125 0.0625 0.0625 0.125 0.0625 0.0625 0.125 0.125 0.125 0.125 0.125 0.125 0.125 0.125 0.03125 0.125 
0.125 0.0078125 0.125 0.0078125 0.125 0.0078125 0.125 0.0078125 0.125 0.0078125 0.125 0.0078125 0.125 0.0078125 0.125 0.0078125 0.125 0.015625 0.03125 0.03125 0.015625 0.03125 0.125 0.0625 0.0625 0.125 0.0625 0.0625 0.125 0.0625 0.0625 0.125 0.0625 0.0625 0.125 0.0625 0.0625 0.125 0.0625 0.0625 0.125 0.0625 0.0625 0.125 0.0625 0.0625 0.125 0.0625 0.03125 0.125 0.984375 0.125 0.0078125 0.125 0.00390625 0.03125 0.00195313 0.015625 0.000976563 0.015625 0.000976563 0.00390625 0.0078125 0.015625 0.03125 0.03125 0.015625 0.03125 0.125 0.0625 0.0625 0.125 0.0625 0.0625 0.125 0.0625 0.0625 0.125 0.0625 0.0625 0.125 0.0625 0.0625 0.125 0.0625 0.0625 0.125 0.0625 0.0625 0.125 0.03125 0.03125 0.015625 0.03125 0.015625 0.03125 0.015625 0.0625 0.015625 0.125 
0.125 0.0078125 0.125 0.0078125 0.125 0.0078125 0.125 0.0078125 0.125 0.0078125 0.125 0.0078125 0.125 0.0078125 0.0625 0.00390625 0.03125 0.015625 0.125 0.0625 0.0625 0.125 0.0625 0.0625 0.125 0.0625 0.0625 0.125 0.0625 0.0625 0.125 0.0625 0.0625 0.125 0.0625 0.0625 0.125 0.0625 0.0625 0.125 0.0625 0.0625 0.125 0.0625 0.0625 0.125 0.0625 0.0625 0.125 0.125 0.96875 0.125 0.0078125 0.125 0.0078125 0.0625 0.00195313 0.03125 0.00195313 0.03125 0.0078125 0.125 0.03125 0.03125 0.03125 0.015625 0.03125 0.125 0.0625 0.0625 0.125 0.0625 0.0625 0.125 0.0625 0.0625 0.125 0.0625 0.0625 0.125 0.0625 0.0625 0.125 0.0625 0.0625 0.125 0.0625 0.0625 0.125 0.0625 0.0625 0.125 0.0625 0.125 0.0625 0.125 0.03125 0.125 0.0078125 0.0625 
0.125 0.0078125 0.125 0.0078125 0.125 0.0078125 0.125 0.0078125 0.125 0.0078125 0.125 0.0078125 0.125 0.00390625 0.03125 0.0078125 0.03125 0.0625 0.0625 0.0625 0.125 0.0625 0.0625 0.125 0.0625 0.0625 0.125 0.0625 0.0625 0.125 0.0625 0.0625 0.125 0.0625 0.0625 0.125 0.0625 0.0625 0.125 0.0625 0.0625 0.125 0.0625 0.0625 0.125 0.0625 0.0625 0.125 0.03125 0.0625 0.984375 0.125 0.0078125 0.125 0.0078125 0.125 0.00390625 0.03125 0.000976563 0.015625 0.00390625 0.03125 0.03125 0.125 0.0625 0.0625 0.125 0.0625 0.0625 0.125 0.0625 0.0625 0.125 0.0625 0.0625 0.125 0.0625 0.0625 0.125 0.0625 0.0625 0.125 0.0625 0.0625 0.125 0.0625 0.0625 0.125 0.0625 0.0625 0.125 0.0625 0.125 0.0625 0.125 0.0625 0.0625 0.015625 0.0078125 0.03125 
0.125 0.0078125 0.125 0.0078125 0.125 0.0078125 0.125 0.0078125 0.125 0.0078125 0.125 0.0078125 0.0625 0.00195313 0.015625 0.00390625 0.0625 0.0625 0.0625 0.125 0.0625 0.0625 0.125 0.0625 0.0625 0.125 0.0625 0.0625 0.125 0.0625 0.0625 0.125 0.0625 0.0625 0.125 0.0625 0.0625 0.125 0.0625 0.0625 0.125 0.0625 0.0625 0.125 0.0625 0.0625 0.125 0.0625 0.015625 0.125 0.992188 0.125 0.0078125 0.125 0.0078125 0.125 0.0078125 0.125 0.0078125 0.125 0.03125 0.125 0.125 0.0625 0.0625 0.125 0.0625 0.0625 0.125 0.0625 0.0625 0.125 0.0625 0.0625 0.125 0.0625 0.0625 0.125 0.0625 0.0625 0.125 0.0625 0.0625 0.125 0.0625 0.0625 0.125 0.0625 0.0625 0.125 0.0625 0.03125 0.03125 0.015625 0.03125 0.015625 0.03125 0.015625 0.015625 0.03125 
0.125 0.0078125 0.125 0.0078125 0.125 0.0078125 0.125 0.0078125 0.125 0.0078125 0.125 0.0078125 0.03125 0.000976563 0.00390625 0.0078125 0.0625 0.0625 0.125 0.0625 0.0625 0.125 0.0625 0.0625 0.125 0.0625 0.0625 0.125 0.0625 0.0625 0.125 0.0625 0.0625 0.125 0.0625 0.0625 0.125 0.0625 0.0625 0.125 0.0625 0.0625 0.125 0.0625 0.0625 0.125 0.0625 0.0625 0.015625 0.03125 0.996094 0.125 0.0078125 0.125 0.0078125 0.125 0.0078125 0.125 0.0078125 0.0625 0.015625 0.125 0.0625 0.0625 0.125 0.0625 0.0625 0.125 0.0625 0.0625 0.125 0.0625 0.0625 0.125 0.0625 0.0625 0.125 0.0625 0.0625 0.125 0.0625 0.0625 0.125 0.0625 0.0625 0.125 0.0625 0.0625 0.125 0.0625 0.0625 0.125 0.125 0.125 0.125 0.125 0.125 0.125 0.015625 0.0625 
0.125 0.0078125 0.125 0.0078125 0.125 0.0078125 0.125 0.0078125 0.125 0.0078125 0.125 0.0078125 0.015625 0.00195313 0.015625 0.015625 0.0625 0.125 0.0625 0.0625 0.125 0.0625 0.0625 0.125 0.0625 0.0625 0.125 0.0625 0.0625 0.125 0.0625 0.0625 0.125 0.0625 0.0625 0.125 0.0625 0.0625 0.125 0.0625 0.0625 0.125 0.0625 0.0625 0.125 0.0625 0.0625 0.125 0.015625 0.0625 0.992188 0.125 0.0078125 0.125 0.0078125 0.125 0.0078125 0.125 0.00390625 0.03125 0.015625 0.0625 0.0625 0.125 0.0625 0.0625 0.125 0.0625 0.0625 0.125 0.0625 0.0625 0.125 0.0625 0.0625 0.125 0.0625 0.0625 0.125 0.0625 0.0625 0.125 0.0625 0.0625 0.125 0.0625 0.0625 0.125 0.0625 0.0625 0.125 0.03125 0.03125 0.015625 0.03125 0.015625 0.03125 0.0625 0.03125 0.125 
0.125 0.0078125 0.125 0.0078125 0.125 0.0078125 0.125 0.0078125 0.125 0.0078125 0.125 0.0078125 0.015625 0.00390625 0.0078125 0.03125 0.125 0.0625 0.0625 0.125 0.0625 0.0625 0.125 0.0625 0.0625 0.125 0.0625 0.0625 0.125 0.0625 0.0625 0.125 0.0625 0.0625 0.125 0.0625 0.0625 0.125 0.0625 0.0625 0.125 0.0625 0.0625 0.125 0.0625 0.0625 0.125 0.0625 0.03125 0.125 0.984375 0.125 0.0078125 0.125 0.0078125 0.125 0.0078125 0.125 0.0078125 0.125 0.015625 0.0625 0.125 0.0625 0.0625 0.125 0.0625 0.0625 0.125 0.0625 0.0625 0.125 0.0625 0.0625 0.125 0.0625 0.0625 0.125 0.0625 0.0625 0.125 0.0625 0.0625 0.125 0.0625 0.0625 0.125 0.0625 0.0625 0.125 0.0625 0.0625 0.125 0.0625 0.125 0.0625 0.125 0.125 0.03125 0.125 
0.125 0.0078125 0.125 0.0078125 0.125 0.0078125 0.125 0.0078125 0.125 0.0078125 0.125 0.0078125 0.015625 0.0078125 0.015625 0.125 0.0625 0.0625 0.125 0.0625 0.0625 0.125 0.0625 0.0625 0.125 0.0625 0.0625 0.125 0.0625 0.0625 0.125 0.0625 0.0625 0.125 0.0625 0.0625 0.125 0.0625 0.0625 0.125 0.0625 0.0625 0.125 0.0625 0.0625 0.125 0.0625 0.0625 0.125 0.125 0.96875 0.125 0.0078125 0.125 0.0078125 0.125 0.0078125 0.125 0.015625 0.0625 0.03125 0.125 0.0625 0.0625 0.125 0.0625 0.0625 0.125 0.0625 0.0625 0.125 0.0625 0.0625 0.125 0.0625 0.0625 0.125 0.0625 0.0625 0.125 0.0625 0.0625 0.125 0.0625 0.0625 0.125 0.0625 0.0625 0.125 0.0625 0.0625 0.125 0.0625 0.125 0.0625 0.125 0.03125 0.125 0.015625 0.125 
0.125 0.0078125 0.125 0.0078125 0.125 0.0078125 0.125 0.0078125 0.125 0.0078125 0.125 0.00390625 0.0078125 0.00390625 0.03125 0.0625 0.0625 0.125 0.0625 0.0625 0.125 0.0625 0.0625 0.125 0.0625 0.0625 0.125 0.0625 0.0625 0.125 0.0625 0.0625 0.125 0.0625 0.0625 0.125 0.0625 0.0625 0.125 0.0625 0.0625 0.125 0.0625 0.0625 0.125 0.0625 0.0625 0.125 0.03125 0.0625 0.984375 0.125 0.0078125 0.125 0.0078125 0.125 0.0078125 0.125 0.03125 0.125 0.125 0.0625 0.0625 0.125 0.0625 0.0625 0.125 0.0625 0.0625 0.125 0.0625 0.0625 0.125 0.0625 0.0625 0.125 0.0625 0.0625 0.125 0.0625 0.0625 0.125 0.0625 0.0625 0.125 0.0625 0.0625 0.125 0.0625 0.0625 0.125 0.0625 0.03125 0.03125 0.015625 0.03125 0.015625 0.125 0.015625 0.125 
0.125 0.0078125 0.125 0.0078125 0.125 0.0078125 0.125 0.0078125 0.125 0.0078125 0.125 0.000976563 0.0078125 0.00195313 0.03125 0.0625 0.125 0.0625 0.0625 0.125 0.0625 0.0625 0.125 0.0625 0.0625 0.125 0.0625 0.0625 0.125 0.0625 0.0625 0.125 0.0625 0.0625 0.125 0.0625 0.0625 0.125 0.0625 0.0625 0.125 0.0625 0.0625 0.125 0.0625 0.0625 0.125 0.0625 0.015625 0.125 0.992188 0.125 0.0078125 0.125 0.0078125 0.125 0.0078125 0.0625 0.015625 0.125 0.0625 0.0625 0.125 0.0625 0.0625 0.125 0.0625 0.0625 0.125 0.0625 0.0625 0.125 0.0625 0.0625 0.125 0.0625 0.0625 0.125 0.0625 0.0625 0.125 0.0625 0.0625 0.125 0.0625 0.0625 0.125 0.0625 0.0625 0.125 0.0625 0.0625 0.125 0.125 0.125 0.125 0.125 0.125 0.03125 0.125 
0.125 0.0078125 0.125 0.0078125 0.125 0.0078125 0.125 0.0078125 0.125 0.0078125 0.125 0.000976563 0.03125 0.00195313 0.0625 0.125 0.0625 0.0625 0.125 0.0625 0.0625 0.125 0.0625 0.0625 0.125 0.0625 0.0625 0.125 0.0625 0.0625 0.125 0.0625 0.0625 0.125 0.0625 0.0625 0.125 0.0625 0.0625 0.125 0.0625 0.0625 0.125 0.0625 0.0625 0.125 0.0625 0.0625 0.015625 0.03125 0.996094 0.125 0.0078125 0.125 0.0078125 0.125 0.00390625 0.03125 0.015625 0.0625 0.0625 0.125 0.0625 0.0625 0.125 0.0625 0.0625 0.125 0.0625 0.0625 0.125 0.0625 0.0625 0.125 0.0625 0.0625 0.125 0.0625 0.0625 0.125 0.0625 0.0625 0.125 0.0625 0.0625 0.125 0.0625 0.0625 0.125 0.0625 0.0625 0.125 0.03125 0.03125 0.015625 0.03125 0.015625 0.0625 0.015625 0.125 
0.125 0.0078125 0.125 0.0078125 0.125 0.0078125 0.125 0.0078125 0.125 0.0078125 0.125 0.00195313 0.015625 0.00390625 0.125 0.0625 0.0625 0.125 0.0625 0.0625 0.125 0.0625 0.0625 0.125 0.0625 0.0625 0.125 0.0625 0.0625 0.125 0.0625 0.0625 0.125 0.0625 0.0625 0.125 0.0625 0.0625 0.125 0.0625 0.0625 0.125 0.0625 0.0625 0.125 0.0625 0.0625 0.125 0.015625 0.0625 0.992188 0.125 0.0078125 0.125 0.0078125 0.125 0.0078125 0.125 0.015625 0.0625 0.125 0.0625 0.0625 0.125 0.0625 0.0625 0.125 0.0625 0.0625 0.125 0.0625 0.0625 0.125 0.0625 0.0625 0.125 0.0625 0.0625 0.125 0.0625 0.0625 0.125 0.0625 0.0625 0.125 0.0625 0.0625 0.125 0.0625 0.0625 0.125 0.0625 0.0625 0.125 0.0625 0.125 0.03125 0.125 0.0078125 0.0625 
0.125 0.0078125 0.125 0.0078125 0.125 0.0078125 0.125 0.0078125 0.125 0.0078125 0.125 0.00390625 0.03125 0.015625 0.0625 0.0625 0.125 0.0625 0.0625 0.125 0.0625 0.0625 0.125 0.0625 0.0625 0.125 0.0625 0.0625 0.125 0.0625 0.0625 0.125 0.0625 0.0625 0.125 0.0625 0.0625 0.125 0.0625 0.0625 0.125 0.0625 0.0625 0.125 0.0625 0.0625 0.125 0.0625 0.03125 0.125 0.984375 0.125 0.0078125 0.125 0.0078125 0.125 0.015625 0.0625 0.03125 0.125 0.0625 0.0625 0.125 0.0625 0.0625 0.125 0.0625 0.0625 0.125 0.0625 0.0625 0.125 0.0625 0.0625 0.125 0.0625 0.0625 0.125 0.0625 0.0625 0.125 0.0625 0.0625 0.125 0.0625 0.0625 0.125 0.0625 0.0625 0.125 0.0625 0.0625 0.125 0.0625 0.125 0.0625 0.0625 0.015625 0.0078125 0.03125 
0.125 0.0078125 0.125 0.0078125 0.125 0.0078125 0.125 0.0078125 0.125 0.0078125 0.0625 0.00195313 0.03125 0.0078125 0.0625 0.125 0.0625 0.0625 0.125 0.0625 0.0625 0.125 0.0625 0.0625 0.125 0.0625 0.0625 0.125 0.0625 0.0625 0.125 0.0625 0.0625 0.125 0.0625 0.0625 0.125 0.0625 0.0625 0.125 0.0625 0.0625 0.125 0.0625 0.0625 0.125 0.0625 0.0625 0.125 0.125 0.96875 0.125 0.0078125 0.125 0.0078125 0.125 0.03125 0.125 0.125 0.0625 0.0625 0.125 0.0625 0.0625 0.125 0.0625 0.0625 0.125 0.0625 0.0625 0.125 0.0625 0.0625 0.125 0.0625 0.0625 0.125 0.0625 0.0625 0.125 0.0625 0.0625 0.125 0.0625 0.0625 0.125 0.0625 0.0625 0.125 0.0625 0.0625 0.125 0.0625 0.03125 0.03125 0.015625 0.03125 0.015625 0.015625 0.03125 
0.125 0.0078125 0.125 0.0078125 0.125 0.0078125 0.125 0.0078125 0.125 0.00390625 0.03125 0.00195313 0.015625 0.0078125 0.125 0.0625 0.0625 0.125 0.0625 0.0625 0.125 0.0625 0.0625 0.125 0.0625 0.0625 0.125 0.0625 0.0625 0.125 0.0625 0.0625 0.125 0.0625 0.0625 0.125 0.0625 0.0625 0.125 0.0625 0.0625 0.125 0.0625 0.0625 0.125 0.0625 0.0625 0.125 0.03125 0.0625 0.984375 0.125 0.0078125 0.125 0.0078125 0.0625 0.015625 0.125 0.0625 0.0625 0.125 0.0625 0.0625 0.125 0.0625 0.0625 0.125 0.0625 0.0625 0.125 0.0625 0.0625 0.125 0.0625 0.0625 0.125 0.0625 0.0625 0.125 0.0625 0.0625 0.125 0.0625 0.0625 0.125 0.0625 0.0625 0.125 0.0625 0.0625 0.125 0.0625 0.0625 0.125 0.125 0.125 0.125 0.125 0.015625 0.0625 
0.125 0.0078125 0.125 0.0078125 0.125 0.0078125 0.125 0.0078125 0.125 0.0078125 0.125 0.00195313 0.015625 0.015625 0.0625 0.0625 0.125 0.0625 0.0625 0.125 0.0625 0.0625 0.125 0.0625 0.0625 0.125 0.0625 0.0625 0.125 0.0625 0.0625 0.125 0.0625 0.0625 0.125 0.0625 0.0625 0.125 0.0625 0.0625 0.125 0.0625 0.0625 0.125 0.0625 0.0625 0.125 0.0625 0.015625 0.125 0.992188 0.125 0.0078125 0.125 0.00390625 0.03125 0.015625 0.0625 0.0625 0.125 0.0625 0.0625 0.125 0.0625 0.0625 0.125 0.0625 0.0625 0.125 0.0625 0.0625 0.125 0.0625 0.0625 0.125 0.0625 0.0625 0.125 0.0625 0.0625 0.125 0.0625 0.0625 0.125 0.0625 0.0625 0.125 0.0625 0.0625 0.125 0.0625 0.0625 0.125 0.03125 0.03125 0.015625 0.03125 0.0625 0.03125 0.125 
0.125 0.0078125 0.125 0.0078125 0.125 0.0078125 0.125 0.0078125 0.125 0.015625 0.0625 0.00390625 0.03125 0.0078125 0.0625 0.125 0.0625 0.0625 0.125 0.0625 0.0625 0.125 0.0625 0.0625 0.125 0.0625 0.0625 0.125 0.0625 0.0625 0.125 0.0625 0.0625 0.125 0.0625 0.0625 0.125 0.0625 0.0625 0.125 0.0625 0.0625 0.125 0.0625 0.0625 0.125 0.0625 0.0625 0.015625 0.03125 0.996094 0.125 0.0078125 0.125 0.0078125 0.125 0.015625 0.0625 0.125 0.0625 0.0625 0.125 0.0625 0.0625 0.125 0.0625 0.0625 0.125 0.0625 0.0625 0.125 0.0625 0.0625 0.125 0.0625 0.0625 0.125 0.0625 0.0625 0.125 0.0625 0.0625 0.125 0.0625 0.0625 0.125 0.0625 0.0625 0.125 0.0625 0.0625 0.125 0.0625 0.0625 0.125 0.0625 0.0625 0.0625 0.015625 0.125 
0.125 0.0078125 0.125 0.0078125 0.125 0.0078125 0.125 0.0078125 0.125 0.03125 0.125 0.015625 0.015625 0.0078125 0.125 0.0625 0.0625 0.125 0.0625 0.0625 0.125 0.0625 0.0625 0.125 0.0625 0.0625 0.125 0.0625 0.0625 0.125 0.0625 0.0625 0.125 0.0625 0.0625 0.125 0.0625 0.0625 0.125 0.0625 0.0625 0.125 0.0625 0.0625 0.125 0.0625 0.0625 0.125 0.015625 0.0625 0.992188 0.125 0.0078125 0.125 0.015625 0.0625 0.03125 0.125 0.0625 0.0625 0.125 0.0625 0.0625 0.125 0.0625 0.0625 0.125 0.0625 0.0625 0.125 0.0625 0.0625 0.125 0.0625 0.0625 0.125 0.0625 0.0625 0.125 0.0625 0.0625 0.125 0.0625 0.0625 0.125 0.0625 0.0625 0.125 0.0625 0.0625 0.125 0.0625 0.0625 0.125 0.0625 0.0625 0.015625 0.125 0.015625 0.125 
0.125 0.0078125 0.125 0.0078125 0.125 0.0078125 0.125 0.0078125 0.0625 0.015625 0.125 0.0078125 0.015625 0.015625 0.0625 0.0625 0.125 0.0625 0.0625 0.125 0.0625 0.0625 0.125 0.0625 0.0625 0.125 0.0625 0.0625 0.125 0.0625 0.0625 0.125 0.0625 0.0625 0.125 0.0625 0.0625 0.125 0.0625 0.0625 0.125 0.0625 0.0625 0.125 0.0625 0.0625 0.125 0.0625 0.03125 0.125 0.984375 0.125 0.0078125 0.125 0.03125 0.125 0.125 0.0625 0.0625 0.125 0.0625 0.0625 0.125 0.0625 0.0625 0.125 0.0625 0.0625 0.125 0.0625 0.0625 0.125 0.0625 0.0625 0.125 0.0625 0.0625 0.125 0.0625 0.0625 0.125 0.0625 0.0625 0.125 0.0625 0.0625 0.125 0.0625 0.0625 0.125 0.0625 0.0625 0.125 0.0625 0.03125 0.03125 0.03125 0.03125 0.015625 0.125 
0.125 0.0078125 0.125 0.0078125 0.125 0.0078125 0.125 0.00390625 0.03125 0.015625 0.0625 0.0078125 0.03125 0.0078125 0.0625 0.125 0.0625 0.0625 0.125 0.0625 0.0625 0.125 0.0625 0.0625 0.125 0.0625 0.0625 0.125 0.0625 0.0625 0.125 0.0625 0.0625 0.125 0.0625 0.0625 0.125 0.0625 0.0625 0.125 0.0625 0.0625 0.125 0.0625 0.0625 0.125 0.0625 0.0625 0.125 0.125 0.96875 0.125 0.0078125 0.0625 0.015625 0.125 0.0625 0.0625 0.125 0.0625 0.0625 0.125 0.0625 0.0625 0.125 0.0625 0.0625 0.125 0.0625 0.0625 0.125 0.0625 0.0625 0.125 0.0625 0.0625 0.125 0.0625 0.0625 0.125 0.0625 0.0625 0.125 0.0625 0.0625 0.125 0.0625 0.0625 0.125 0.0625 0.0625 0.125 0.0625 0.0625 0.125 0.125 0.0625 0.0625 0.125 0.125 
0.125 0.0078125 0.125 0.0078125 0.125 0.0078125 0.125 0.0078125 0.125 0.015625 0.0625 0.015625 0.015625 0.0078125 0.125 0.0625 0.0625 0.125 0.0625 0.0625 0.125 0.0625 0.0625 0.125 0.0625 0.0625 0.125 0.0625 0.0625 0.125 0.0625 0.0625 0.125 0.0625 0.0625 0.125 0.0625 0.0625 0.125 0.0625 0.0625 0.125 0.0625 0.0625 0.125 0.0625 0.0625 0.125 0.03125 0.0625 0.984375 0.125 0.00390625 0.03125 0.015625 0.0625 0.0625 0.125 0.0625 0.0625 0.125 0.0625 0.0625 0.125 0.0625 0.0625 0.125 0.0625 0.0625 0.125 0.0625 0.0625 0.125 0.0625 0.0625 0.125 0.0625 0.0625 0.125 0.0625 0.0625 0.125 0.0625 0.0625 0.125 0.0625 0.0625 0.125 0.0625 0.0625 0.125 0.0625 0.0625 0.125 0.0625 0.0625 0.0625 0.125 0.03125 0.0625 
0.125 0.0078125 0.125 0.0078125 0.125 0.0078125 0.125 0.015625 0.0625 0.03125 0.125 0.0078125 0.015625 0.015625 0.0625 0.0625 0.125 0.0625 0.0625 0.125 0.0625 0.0625 0.125 0.0625 0.0625 0.125 0.0625 0.0625 0.125 0.0625 0.0625 0.125 0.0625 0.0625 0.125 0.0625 0.0625 0.125 0.0625 0.0625 0.125 0.0625 0.0625 0.125 0.0625 0.0625 0.125 0.0625 0.015625 0.125 0.992188 0.125 0.0078125 0.125 0.015625 0.0625 0.125 0.0625 0.0625 0.125 0.0625 0.0625 0.125 0.0625 0.0625 0.125 0.0625 0.0625 0.125 0.0625 0.0625 0.125 0.0625 0.0625 0.125 0.0625 0.0625 0.125 0.0625 0.0625 0.125 0.0625 0.0625 0.125 0.0625 0.0625 0.125 0.0625 0.0625 0.125 0.0625 0.0625 0.125 0.125 0.125 0.125 0.125 0.0625 0.015625 0.125 
0.125 0.0078125 0.125 0.0078125 0.125 0.0078125 0.125 0.03125 0.125 0.125 0.0625 0.0078125 0.03125 0.0078125 0.0625 0.125 0.0625 0.0625 0.125 0.0625 0.0625 0.125 0.0625 0.0625 0.125 0.0625 0.0625 0.125 0.0625 0.0625 0.125 0.0625 0.0625 0.125 0.0625 0.0625 0.125 0.0625 0.0625 0.125 0.0625 0.0625 0.125 0.0625 0.0625 0.125 0.0625 0.0625 0.015625 0.03125 0.996094 0.125 0.015625 0.0625 0.03125 0.125 0.0625 0.0625 0.125 0.0625 0.0625 0.125 0.0625 0.0625 0.125 0.0625 0.0625 0.125 0.0625 0.0625 0.125 0.0625 0.0625 0.125 0.0625 0.0625 0.125 0.0625 0.0625 0.125 0.0625 0.0625 0.125 0.0625 0.0625 0.125 0.0625 0.0625 0.125 0.0625 0.0625 0.125 0.125 0.125 0.125 0.125 0.0625 0.0625 0.015625 0.03125 
0.125 0.0078125 0.125 0.0078125 0.125 0.0078125 0.0625 0.015625 0.125 0.0625 0.0625 0.015625 0.015625 0.0078125 0.125 0.0625 0.0625 0.125 0.0625 0.0625 0.125 0.0625 0.0625 0.125 0.0625 0.0625 0.125 0.0625 0.0625 0.125 0.0625 0.0625 0.125 0.0625 0.0625 0.125 0.0625 0.0625 0.125 0.0625 0.0625 0.125 0.0625 0.0625 0.125 0.0625 0.0625 0.125 0.015625 0.0625 0.992188 0.125 0.03125 0.125 0.125 0.0625 0.0625 0.125 0.0625 0.0625 0.125 0.0625 0.0625 0.125 0.0625 0.0625 0.125 0.0625 0.0625 0.125 0.0625 0.0625 0.125 0.0625 0.0625 0.125 0.0625 0.0625 0.125 0.0625 0.0625 0.125 0.0625 0.0625 0.125 0.0625 0.0625 0.125 0.0625 0.0625 0.125 0.125 0.125 0.125 0.125 0.0625 0.0625 0.125 0.015625 0.0625 
0.125 0.0078125 0.125 0.0078125 0.125 0.00390625 0.03125 0.015625 0.0625 0.0625 0.125 0.0078125 0.015625 0.015625 0.0625 0.0625 0.125 0.0625 0.0625 0.125 0.0625 0.0625 0.125 0.0625 0.0625 0.125 0.0625 0.0625 0.125 0.0625 0.0625 0.125 0.0625 0.0625 0.125 0.0625 0.0625 0.125 0.0625 0.0625 0.125 0.0625 0.0625 0.125 0.0625 0.0625 0.125 0.0625 0.03125 0.125 0.984375 0.125 0.03125 0.125 0.03125 0.03125 0.125 0.0625 0.0625 0.125 0.0625 0.0625 0.125 0.0625 0.0625 0.125 0.0625 0.0625 0.125 0.0625 0.0625 0.125 0.0625 0.0625 0.125 0.0625 0.0625 0.125 0.0625 0.0625 0.125 0.0625 0.0625 0.125 0.0625 0.0625 0.125 0.0625 0.0625 0.125 0.125 0.125 0.125 0.125 0.0625 0.0625 0.125 0.0625 0.03125 0.125 
0.125 0.0078125 0.125 0.0078125 0.125 0.0078125 0.125 0.015625 0.0625 0.125 0.0625 0.0078125 0.03125 0.0078125 0.0625 0.125 0.0625 0.0625 0.125 0.0625 0.0625 0.125 0.0625 0.0625 0.125 0.0625 0.0625 0.125 0.0625 0.0625 0.125 0.0625 0.0625 0.125 0.0625 0.0625 0.125 0.0625 0.0625 0.125 0.0625 0.0625 0.125 0.0625 0.0625 0.125 0.0625 0.0625 0.125 0.125 0.96875 0.125 0.03125 0.0625 0.03125 0.015625 0.015625 0.03125 0.125 0.0625 0.0625 0.125 0.0625 0.0625 0.125 0.0625 0.0625 0.125 0.0625 0.0625 0.125 0.0625 0.0625 0.125 0.0625 0.0625 0.125 0.0625 0.0625 0.125 0.0625 0.0625 0.125 0.0625 0.0625 0.125 0.0625 0.0625 0.125 0.125 0.125 0.125 0.125 0.0625 0.0625 0.125 0.0625 0.0625 0.125 0.125 
0.125 0.0078125 0.125 0.0078125 0.125 0.015625 0.0625 0.03125 0.125 0.0625 0.03125 0.015625 0.015625 0.015625 0.125 0.0625 0.0625 0.125 0.0625 0.0625 0.125 0.0625 0.0625 0.125 0.0625 0.0625 0.125 0.0625 0.0625 0.125 0.0625 0.0625 0.125 0.0625 0.0625 0.125 0.0625 0.0625 0.125 0.0625 0.0625 0.125 0.0625 0.0625 0.125 0.0625 0.0625 0.0625 0.0078125 0.015625 0.992188 0.125 0.03125 0.0625 0.03125 0.015625 0.015625 0.015625 0.0078125 0.0078125 0.015625 0.0078125 0.0078125 0.015625 0.0078125 0.0078125 0.015625 0.0078125 0.0078125 0.015625 0.0078125 0.0078125 0.015625 0.0078125 0.0078125 0.015625 0.0078125 0.0078125 0.015625 0.0078125 0.0078125 0.015625 0.0078125 0.0078125 0.03125 0.03125 0.0625 0.125 0.125 0.125 0.125 0.125 0.0625 0.0625 0.125 0.0625 0.0625 0.125 0.03125 0.0625 
0.125 0.0078125 0.125 0.0078125 0.125 0.0625 0.125 0.125 0.03125 0.03125 0.03125 0.015625 0.015625 0.0625 0.03125 0.015625 0.015625 0.015625 0.03125 0.125 0.03125 0.015625 0.015625 0.015625 0.03125 0.125 0.03125 0.015625 0.015625 0.015625 0.03125 0.125 0.03125 0.015625 0.015625 0.015625 0.03125 0.125 0.03125 0.015625 0.015625 0.015625 0.03125 0.125 0.03125 0.015625 0.015625 0.0078125 0.0078125 0.125 0.996094 0.03125 0.0078125 0.125 0.015625 0.00195313 0.000976563 0.00195313 0.0078125 0.03125 0.0078125 0.00195313 0.00195313 0.00195313 0.0078125 0.03125 0.0078125 0.00195313 0.00195313 0.00195313 0.0078125 0.03125 0.0078125 0.00195313 0.00195313 0.00195313 0.0078125 0.03125 0.0078125 0.00195313 0.00195313 0.00195313 0.0078125 0.03125 0.000976563 0.000244141 0.000976563 0.03125 0.125 0.125 0.125 0.0625 0.0625 0.125 0.0625 0.0625 0.125 0.125 0.015625 0.125 
0.125 0.0078125 0.125 0.0078125 0.125 0.0625 0.0625 0.125 0.0078125 0.03125 0.0078125 0.015625 0.0625 0.125 0.0625 0.125 0.03125 0.0625 0.125 0.125 0.0625 0.125 0.03125 0.0625 0.125 0.125 0.0625 0.125 0.03125 0.0625 0.125 0.125 0.0625 0.125 0.03125 0.0625 0.125 0.125 0.0625 0.125 0.03125 0.0625 0.125 0.125 0.0625 0.0625 0.015625 0.015625 0.015625 0.015625 0.992188 0.125 0.03125 0.125 0.0625 0.0625 0.015625 0.0078125 0.015625 0.015625 0.0078125 0.0078125 0.00390625 0.00390625 0.015625 0.015625 0.0078125 0.0078125 0.00390625 0.00390625 0.015625 0.015625 0.0078125 0.0078125 0.00390625 0.00390625 0.015625 0.015625 0.0078125 0.0078125 0.00390625 0.00390625 0.015625 0.015625 0.000976563 0.03125 0.000976563 0.0078125 0.03125 0.125 0.0625 0.0625 0.125 0.0625 0.0625 0.125 0.125 0.125 0.0078125 0.03125 
0.125 0.0078125 0.125 0.0078125 0.125 0.0625 0.0625 0.0625 0.00195313 0.03125 0.0078125 0.0625 0.96875 0.96875 0.984375 0.992188 0.996094 0.992188 0.984375 0.96875 0.984375 0.992188 0.996094 0.992188 0.984375 0.96875 0.984375 0.992188 0.996094 0.992188 0.984375 0.96875 0.984375 0.992188 0.996094 0.992188 0.984375 0.96875 0.984375 0.992188 0.996094 0.992188 0.984375 0.96875 0.996094 0.999512 0.999023 0.992188 0.96875 0.9375 0.999512 0.999939 0.999996 0.999939 0.999969 0.999998 0.999998 0.999992 0.999756 0.999512 0.999756 0.999939 0.999969 0.999939 0.999756 0.999512 0.999756 0.999939 0.999969 0.999939 0.999756 0.999512 0.999756 0.999939 0.999969 0.999939 0.999756 0.999512 0.999756 0.999939 0.999969 0.999939 0.999512 0.998047 0.999756 0.999939 0.999969 0.0078125 0.03125 0.0625 0.0625 0.125 0.0625 0.0625 0.125 0.125 0.125 0.125 0.015625 0.03125 
0.125 0.0078125 0.125 0.0078125 0.125 0.0625 0.03125 0.03125 0.00390625 0.03125 0.015625 0.0625 0.125 0.125 0.125 0.125 0.125 0.125 0.125 0.125 0.125 0.125 0.125 0.125 0.125 0.125 0.125 0.125 0.125 0.125 0.125 0.125 0.125 0.125 0.125 0.125 0.125 0.125 0.125 0.125 0.0625 0.03125 0.015625 0.015625 0.00390625 0.0078125 0.015625 0.03125 0.015625 0.0625 0.999512 0.015625 0.000244141 0.000976563 0.00195313 0.000488281 0.00195313 0.000488281 0.00390625 0.0078125 0.0078125 0.0078125 0.0078125 0.0078125 0.0078125 0.0078125 0.0078125 0.0078125 0.0078125 0.0078125 0.0078125 0.0078125 0.0078125 0.0078125 0.0078125 0.0078125 0.0078125 0.0078125 0.0078125 0.0078125 0.0078125 0.0078125 0.015625 0.015625 0.03125 0.0078125 0.0078125 0.0078125 0.015625 0.0625 0.125 0.0625 0.0625 0.125 0.125 0.125 0.125 0.125 0.015625 0.0625 
0.125 0.0078125 0.125 0.0078125 0.125 0.03125 0.03125 0.03125 0.0078125 0.03125 0.125 0.03125 0.015625 0.0078125 0.0078125 0.0078125 0.0078125 0.0078125 0.0078125 0.0078125 0.0078125 0.0078125 0.0078125 0.0078125 0.0078125 0.0078125 0.0078125 0.0078125 0.0078125 0.0078125 0.0078125 0.0078125 0.0078125 0.0078125 0.0078125 0.0078125 0.0078125 0.0078125 0.0078125 0.0078125 0.0078125 0.015625 0.015625 0.0078125 0.00195313 0.00195313 0.00390625 0.03125 0.0078125 0.03125 0.999878 0.00012207 1.52588e-005 3.05176e-005 3.05176e-005 3.8147e-006 1.90735e-006 7.62939e-006 3.05176e-005 0.00012207 0.00012207 0.00012207 0.00012207 0.00012207 0.00012207 0.00012207 0.00012207 0.00012207 0.00012207 0.00012207 0.00012207 0.00012207 0.00012207 0.00012207 0.00012207 0.00012207 0.000244141 0.000488281 0.000244141 0.000244141 0.000244141 0.000244141 0.000488281 0.000976563 0.00390625 0.00390625 0.0078125 0.015625 0.0625 0.125 0.0625 0.0625 0.125 0.125 0.125 0.125 0.125 0.0625 0.03125 0.125 
0.125 0.0078125 0.125 0.0078125 0.125 0.015625 0.0625 0.015625 0.0625 0.0625 0.0625 0.125 0.125 0.125 0.125 0.125 0.125 0.125 0.125 0.125 0.125 0.125 0.125 0.125 0.125 0.125 0.125 0.125 0.125 0.125 0.125 0.125 0.125 0.125 0.125 0.125 0.125 0.125 0.125 0.125 0.125 0.0625 0.03125 0.015625 0.03125 0.03125 0.0625 0.125 0.0078125 0.03125 0.992188 0.125 0.03125 0.0625 0.125 0.125 0.015625 0.03125 0.015625 0.125 0.125 0.125 0.125 0.125 0.125 0.125 0.125 0.125 0.125 0.125 0.125 0.125 0.125 0.125 0.125 0.125 0.125 0.03125 0.015625 0.125 0.0625 0.0625 0.125 0.03125 0.03125 0.0625 0.03125 0.0625 0.125 0.0625 0.0625 0.125 0.125 0.125 0.125 0.125 0.0625 0.0625 0.125 0.125 
0.125 0.0078125 0.125 0.0078125 0.125 0.0078125 0.125 0.03125 0.125 0.125 0.03125 0.015625 0.0078125 0.0078125 0.0078125 0.0078125 0.0078125 0.0078125 0.0078125 0.0078125 0.0078125 0.0078125 0.0078125 0.0078125 0.0078125 0.0078125 0.0078125 0.0078125 0.0078125 0.0078125 0.0078125 0.0078125 0.0078125 0.0078125 0.0078125 0.0078125 0.015625 0.03125 0.015625 0.015625 0.03125 0.125 0.125 0.125 0.0625 0.0625 0.125 0.0625 0.03125 0.125 0.984375 0.125 0.015625 0.125 0.0078125 0.0078125 0.000488281 0.00195313 0.000976563 0.0078125 0.0078125 0.0078125 0.0078125 0.0078125 0.0078125 0.0078125 0.0078125 0.0078125 0.0078125 0.0078125 0.0078125 0.015625 0.03125 0.015625 0.015625 0.015625 0.03125 0.03125 0.03125 0.015625 0.03125 0.0625 0.015625 0.015625 0.03125 0.03125 0.0625 0.125 0.0625 0.0625 0.125 0.125 0.125 0.125 0.125 0.0625 0.0625 0.125 0.03125 0.0625 
0.125 0.0078125 0.125 0.0078125 0.125 0.0078125 0.125 0.015625 0.0625 0.03125 0.125 0.125 0.125 0.125 0.125 0.125 0.125 0.125 0.125 0.125 0.125 0.125 0.125 0.125 0.125 0.125 0.125 0.125 0.125 0.125 0.125 0.125 0.125 0.125 0.125 0.125 0.125 0.03125 0.015625 0.125 0.0625 0.125 0.125 0.0625 0.0625 0.125 0.0625 0.0625 0.125 0.125 0.96875 0.125 0.0078125 0.125 0.015625 0.125 0.00390625 0.015625 0.015625 0.125 0.125 0.125 0.125 0.125 0.125 0.125 0.125 0.125 0.125 0.125 0.125 0.125 0.03125 0.015625 0.125 0.0625 0.0625 0.03125 0.015625 0.03125 0.125 0.0625 0.03125 0.03125 0.03125 0.03125 0.125 0.0625 0.0625 0.125 0.125 0.125 0.125 0.125 0.0625 0.0625 0.125 0.0625 0.015625 0.125 
0.125 0.0078125 0.125 0.0078125 0.125 0.0078125 0.125 0.015625 0.125 0.0078125 0.0078125 0.0078125 0.0078125 0.0078125 0.0078125 0.0078125 0.0078125 0.0078125 0.0078125 0.0078125 0.0078125 0.0078125 0.0078125 0.0078125 0.0078125 0.0078125 0.0078125 0.0078125 0.0078125 0.0078125 0.0078125 0.015625 0.03125 0.015625 0.015625 0.015625 0.03125 0.03125 0.03125 0.015625 0.03125 0.125 0.0625 0.0625 0.125 0.0625 0.0625 0.125 0.03125 0.0625 0.984375 0.125 0.0078125 0.125 0.0078125 0.015625 0.00195313 0.00390625 0.00195313 0.0078125 0.0078125 0.0078125 0.0078125 0.0078125 0.0078125 0.0078125 0.015625 0.03125 0.015625 0.015625 0.015625 0.03125 0.03125 0.03125 0.015625 0.03125 0.125 0.0625 0.0625 0.125 0.0625 0.0625 0.125 0.0625 0.0625 0.125 0.0625 0.0625 0.125 0.125 0.125 0.125 0.125 0.0625 0.0625 0.125 0.0625 0.0625 0.015625 0.03125 
0.125 0.0078125 0.125 0.0078125 0.125 0.0078125 0.125 0.015625 0.03125 0.03125 0.03125 0.0625 0.125 0.125 0.125 0.125 0.125 0.125 0.125 0.125 0.125 0.125 0.125 0.125 0.125 0.125 0.125 0.125 0.125 0.125 0.125 0.125 0.03125 0.015625 0.125 0.0625 0.0625 0.03125 0.015625 0.03125 0.125 0.0625 0.0625 0.125 0.0625 0.0625 0.125 0.0625 0.0078125 0.0625 0.996094 0.125 0.0078125 0.125 0.015625 0.125 0.00390625 0.015625 0.015625 0.125 0.125 0.125 0.125 0.125 0.125 0.125 0.125 0.03125 0.015625 0.125 0.0625 0.0625 0.03125 0.015625 0.03125 0.125 0.0625 0.0625 0.125 0.0625 0.0625 0.125 0.0625 0.0625 0.03125 0.03125 0.03125 0.125 0.125 0.125 0.125 0.125 0.0625 0.0625 0.125 0.0625 0.0625 0.125 0.015625 0.0625 
0.125 0.0078125 0.125 0.0078125 0.125 0.0078125 0.125 0.015625 0.015625 0.00390625 0.015625 0.015625 0.015625 0.0078125 0.0078125 0.0078125 0.0078125 0.0078125 0.0078125 0.0078125 0.0078125 0.0078125 0.0078125 0.0078125 0.0078125 0.0078125 0.015625 0.03125 0.015625 0.015625 0.015625 0.03125 0.03125 0.03125 0.015625 0.03125 0.125 0.0625 0.0625 0.125 0.0625 0.0625 0.125 0.0625 0.0625 0.125 0.0625 0.0625 0.0078125 0.03125 0.998047 0.125 0.0078125 0.125 0.0078125 0.125 0.00195313 0.03125 0.000976563 0.0078125 0.00390625 0.015625 0.03125 0.015625 0.015625 0.015625 0.03125 0.03125 0.03125 0.015625 0.03125 0.125 0.0625 0.0625 0.125 0.0625 0.0625 0.125 0.0625 0.0625 0.125 0.0625 0.0625 0.125 0.125 0.125 0.125 0.125 0.125 0.125 0.125 0.0625 0.0625 0.125 0.0625 0.0625 0.125 0.0625 0.03125 0.125 
0.125 0.0078125 0.125 0.0078125 0.125 0.0078125 0.125 0.015625 0.125 0.03125 0.03125 0.0625 0.125 0.125 0.125 0.125 0.125 0.125 0.125 0.125 0.125 0.125 0.125 0.125 0.125 0.125 0.125 0.03125 0.015625 0.125 0.0625 0.0625 0.03125 0.015625 0.03125 0.125 0.0625 0.0625 0.125 0.0625 0.0625 0.125 0.0625 0.0625 0.125 0.0625 0.0625 0.125 0.0078125 0.03125 0.996094 0.125 0.0078125 0.125 0.0078125 0.125 0.000976563 0.03125 0.00195313 0.125 0.03125 0.0625 0.03125 0.015625 0.125 0.0625 0.0625 0.03125 0.015625 0.03125 0.125 0.0625 0.0625 0.125 0.0625 0.0625 0.125 0.0625 0.0625 0.125 0.0625 0.0625 0.125 0.03125 0.03125 0.015625 0.0625 0.0625 0.125 0.125 0.0625 0.0625 0.125 0.0625 0.0625 0.125 0.0625 0.0625 0.125 0.125 
0.125 0.0078125 0.125 0.0078125 0.125 0.0078125 0.125 0.0078125 0.015625 0.03125 0.03125 0.125 0.0078125 0.0078125 0.00390625 0.0078125 0.0078125 0.0078125 0.0078125 0.0078125 0.0078125 0.015625 0.03125 0.015625 0.015625 0.015625 0.03125 0.03125 0.03125 0.015625 0.03125 0.125 0.0625 0.0625 0.125 0.0625 0.0625 0.125 0.0625 0.0625 0.125 0.0625 0.0625 0.125 0.0625 0.0625 0.125 0.0625 0.03125 0.125 0.984375 0.125 0.0078125 0.125 0.0078125 0.125 0.000976563 0.03125 0.000976563 0.015625 0.015625 0.015625 0.03125 0.03125 0.015625 0.03125 0.125 0.0625 0.0625 0.125 0.0625 0.0625 0.125 0.0625 0.0625 0.125 0.0625 0.0625 0.125 0.0625 0.0625 0.125 0.0625 0.0625 0.125 0.0625 0.125 0.0625 0.125 0.0625 0.0625 0.125 0.0625 0.0625 0.125 0.0625 0.0625 0.125 0.03125 0.0625 
0.125 0.0078125 0.125 0.0078125 0.125 0.0078125 0.125 0.015625 0.125 0.03125 0.03125 0.125 0.03125 0.125 0.03125 0.0625 0.125 0.125 0.125 0.125 0.125 0.125 0.03125 0.015625 0.125 0.0625 0.0625 0.03125 0.015625 0.03125 0.125 0.0625 0.0625 0.125 0.0625 0.0625 0.125 0.0625 0.0625 0.125 0.0625 0.0625 0.125 0.0625 0.0625 0.125 0.0625 0.0625 0.125 0.125 0.96875 0.125 0.0078125 0.125 0.0078125 0.125 0.000976563 0.03125 0.00195313 0.125 0.03125 0.03125 0.03125 0.015625 0.03125 0.125 0.0625 0.0625 0.125 0.0625 0.0625 0.125 0.0625 0.0625 0.125 0.0625 0.0625 0.125 0.0625 0.0625 0.125 0.0625 0.0625 0.125 0.0625 0.125 0.0625 0.125 0.0625 0.0625 0.125 0.0625 0.0625 0.125 0.0625 0.0625 0.125 0.0625 0.015625 0.125 
0.125 0.0078125 0.125 0.0078125 0.125 0.0078125 0.125 0.0078125 0.125 0.015625 0.125 0.015625 0.0078125 0.00390625 0.015625 0.015625 0.03125 0.03125 0.015625 0.015625 0.015625 0.03125 0.03125 0.03125 0.015625 0.03125 0.125 0.0625 0.0625 0.125 0.0625 0.0625 0.125 0.0625 0.0625 0.125 0.0625 0.0625 0.125 0.0625 0.0625 0.125 0.0625 0.0625 0.125 0.0625 0.0625 0.125 0.03125 0.0625 0.984375 0.125 0.0078125 0.125 0.0078125 0.125 0.00195313 0.03125 0.000976563 0.0625 0.015625 0.125 0.03125 0.0625 0.125 0.0625 0.0625 0.125 0.0625 0.0625 0.125 0.0625 0.0625 0.125 0.0625 0.0625 0.125 0.0625 0.0625 0.125 0.0625 0.0625 0.125 0.0625 0.03125 0.03125 0.015625 0.03125 0.03125 0.125 0.0625 0.0625 0.125 0.0625 0.0625 0.125 0.0625 0.0625 0.015625 0.03125 
0.125 0.0078125 0.125 0.0078125 0.125 0.0078125 0.125 0.0078125 0.125 0.0078125 0.125 0.015625 0.125 0.03125 0.03125 0.0625 0.125 0.03125 0.015625 0.125 0.0625 0.0625 0.03125 0.015625 0.03125 0.125 0.0625 0.0625 0.125 0.0625 0.0625 0.125 0.0625 0.0625 0.125 0.0625 0.0625 0.125 0.0625 0.0625 0.125 0.0625 0.0625 0.125 0.0625 0.0625 0.125 0.0625 0.0078125 0.0625 0.996094 0.125 0.0078125 0.125 0.0078125 0.125 0.00390625 0.03125 0.00195313 0.03125 0.00390625 0.125 0.015625 0.125 0.03125 0.0625 0.125 0.0625 0.0625 0.125 0.0625 0.0625 0.125 0.0625 0.0625 0.125 0.0625 0.0625 0.125 0.0625 0.0625 0.125 0.0625 0.0625 0.125 0.125 0.125 0.125 0.125 0.0625 0.0625 0.125 0.0625 0.0625 0.125 0.0625 0.0625 0.125 0.015625 0.0625 
0.125 0.0078125 0.125 0.0078125 0.125 0.0078125 0.125 0.0078125 0.125 0.0078125 0.125 0.0078125 0.015625 0.03125 0.0625 0.25 0.03125 0.03125 0.03125 0.015625 0.03125 0.125 0.0625 0.0625 0.125 0.0625 0.0625 0.125 0.0625 0.0625 0.125 0.0625 0.0625 0.125 0.0625 0.0625 0.125 0.0625 0.0625 0.125 0.0625 0.0625 0.125 0.0625 0.0625 0.125 0.0625 0.0625 0.0078125 0.03125 0.998047 0.125 0.0078125 0.125 0.0078125 0.125 0.0078125 0.0625 0.00390625 0.125 0.0078125 0.125 0.0078125 0.125 0.015625 0.125 0.03125 0.0625 0.125 0.0625 0.0625 0.125 0.0625 0.0625 0.125 0.0625 0.0625 0.125 0.0625 0.0625 0.125 0.0625 0.0625 0.125 0.03125 0.03125 0.015625 0.03125 0.03125 0.0625 0.125 0.0625 0.0625 0.125 0.0625 0.0625 0.125 0.0625 0.03125 0.125 
0.125 0.0078125 0.125 0.0078125 0.125 0.0078125 0.125 0.0078125 0.125 0.0078125 0.125 0.015625 0.125 0.0625 0.125 0.125 0.03125 0.03125 0.015625 0.03125 0.125 0.0625 0.0625 0.125 0.0625 0.0625 0.125 0.0625 0.0625 0.125 0.0625 0.0625 0.125 0.0625 0.0625 0.125 0.0625 0.0625 0.125 0.0625 0.0625 0.125 0.0625 0.0625 0.125 0.0625 0.0625 0.125 0.0078125 0.03125 0.996094 0.125 0.0078125 0.125 0.0078125 0.125 0.0078125 0.125 0.015625 0.0625 0.015625 0.125 0.015625 0.125 0.0078125 0.125 0.03125 0.125 0.03125 0.03125 0.125 0.0625 0.0625 0.125 0.0625 0.0625 0.125 0.0625 0.0625 0.125 0.0625 0.0625 0.125 0.0625 0.0625 0.125 0.0625 0.125 0.0625 0.125 0.0625 0.0625 0.125 0.0625 0.0625 0.125 0.0625 0.0625 0.125 0.125 
0.125 0.0078125 0.125 0.0078125 0.125 0.0078125 0.125 0.0078125 0.125 0.0078125 0.125 0.0078125 0.125 0.0625 0.25 0.125 0.125 0.0625 0.0625 0.125 0.0625 0.0625 0.125 0.0625 0.0625 0.125 0.0625 0.0625 0.125 0.0625 0.0625 0.125 0.0625 0.0625 0.125 0.0625 0.0625 0.125 0.0625 0.0625 0.125 0.0625 0.0625 0.125 0.0625 0.0625 0.125 0.0625 0.03125 0.125 0.984375 0.125 0.0078125 0.125 0.0078125 0.125 0.0078125 0.125 0.03125 0.125 0.125 0.0625 0.03125 0.125 0.015625 0.125 0.03125 0.0625 0.03125 0.03125 0.03125 0.0625 0.125 0.0625 0.0625 0.125 0.0625 0.0625 0.125 0.0625 0.0625 0.125 0.0625 0.0625 0.125 0.0625 0.125 0.0625 0.125 0.0625 0.0625 0.125 0.0625 0.0625 0.125 0.0625 0.0625 0.125 0.03125 0.0625 
0.125 0.0078125 0.125 0.0078125 0.125 0.0078125 0.125 0.0078125 0.125 0.0078125 0.125 0.0078125 0.125 0.03125 0.125 0.125 0.0625 0.0625 0.125 0.0625 0.0625 0.125 0.0625 0.0625 0.125 0.0625 0.0625 0.125 0.0625 0.0625 0.125 0.0625 0.0625 0.125 0.0625 0.0625 0.125 0.0625 0.0625 0.125 0.0625 0.0625 0.125 0.0625 0.0625 0.125 0.0625 0.0625 0.125 0.125 0.96875 0.125 0.0078125 0.125 0.0078125 0.125 0.0078125 0.0625 0.015625 0.125 0.0625 0.0625 0.125 0.0625 0.03125 0.125 0.0625 0.0625 0.03125 0.015625 0.015625 0.0625 0.0625 0.0625 0.125 0.0625 0.0625 0.125 0.0625 0.0625 0.125 0.0625 0.0625 0.125 0.0625 0.03125 0.03125 0.015625 0.03125 0.03125 0.125 0.0625 0.0625 0.125 0.0625 0.0625 0.125 0.0625 0.015625 0.125 
0.125 0.0078125 0.125 0.0078125 0.125 0.0078125 0.125 0.0078125 0.125 0.0078125 0.125 0.0078125 0.0625 0.015625 0.125 0.0625 0.0625 0.125 0.0625 0.0625 0.125 0.0625 0.0625 0.125 0.0625 0.0625 0.125 0.0625 0.0625 0.125 0.0625 0.0625 0.125 0.0625 0.0625 0.125 0.0625 0.0625 0.125 0.0625 0.0625 0.125 0.0625 0.0625 0.125 0.0625 0.0625 0.125 0.03125 0.0625 0.984375 0.125 0.0078125 0.125 0.0078125 0.125 0.00390625 0.03125 0.015625 0.0625 0.0625 0.125 0.0625 0.0625 0.125 0.0625 0.0625 0.125 0.03125 0.015625 0.03125 0.015625 0.03125 0.125 0.0625 0.0625 0.125 0.0625 0.0625 0.125 0.0625 0.0625 0.125 0.0625 0.0625 0.125 0.125 0.125 0.125 0.125 0.0625 0.0625 0.125 0.0625 0.0625 0.125 0.0625 0.0625 0.015625 0.03125 
0.125 0.0078125 0.125 0.0078125 0.125 0.0078125 0.125 0.0078125 0.125 0.0078125 0.125 0.00390625 0.03125 0.015625 0.0625 0.0625 0.125 0.0625 0.0625 0.125 0.0625 0.0625 0.125 0.0625 0.0625 0.125 0.0625 0.0625 0.125 0.0625 0.0625 0.125 0.0625 0.0625 0.125 0.0625 0.0625 0.125 0.0625 0.0625 0.125 0.0625 0.0625 0.125 0.0625 0.0625 0.125 0.0625 0.0078125 0.0625 0.996094 0.125 0.0078125 0.125 0.0078125 0.125 0.0078125 0.125 0.015625 0.0625 0.125 0.0625 0.0625 0.125 0.0625 0.0625 0.125 0.0625 0.0625 0.0625 0.015625 0.015625 0.03125 0.03125 0.0625 0.125 0.0625 0.0625 0.125 0.0625 0.0625 0.125 0.0625 0.0625 0.125 0.03125 0.03125 0.015625 0.03125 0.03125 0.0625 0.125 0.0625 0.0625 0.125 0.0625 0.0625 0.125 0.015625 0.0625 
0.125 0.0078125 0.125 0.0078125 0.125 0.0078125 0.125 0.0078125 0.125 0.0078125 0.125 0.0078125 0.125 0.015625 0.0625 0.125 0.0625 0.0625 0.125 0.0625 0.0625 0.125 0.0625 0.0625 0.125 0.0625 0.0625 0.125 0.0625 0.0625 0.125 0.0625 0.0625 0.125 0.0625 0.0625 0.125 0.0625 0.0625 0.125 0.0625 0.0625 0.125 0.0625 0.0625 0.125 0.0625 0.0625 0.0078125 0.03125 0.998047 0.125 0.0078125 0.125 0.0078125 0.125 0.015625 0.0625 0.03125 0.125 0.0625 0.0625 0.125 0.0625 0.0625 0.125 0.0625 0.0625 0.125 0.0625 0.03125 0.03125 0.015625 0.015625 0.0625 0.0625 0.0625 0.125 0.0625 0.0625 0.125 0.0625 0.0625 0.125 0.0625 0.0625 0.125 0.0625 0.125 0.0625 0.125 0.0625 0.0625 0.125 0.0625 0.0625 0.125 0.0625 0.03125 0.125 
0.125 0.0078125 0.125 0.0078125 0.125 0.0078125 0.125 0.0078125 0.125 0.0078125 0.125 0.015625 0.0625 0.03125 0.125 0.0625 0.0625 0.125 0.0625 0.0625 0.125 0.0625 0.0625 0.125 0.0625 0.0625 0.125 0.0625 0.0625 0.125 0.0625 0.0625 0.125 0.0625 0.0625 0.125 0.0625 0.0625 0.125 0.0625 0.0625 0.125 0.0625 0.0625 0.125 0.0625 0.0625 0.125 0.0078125 0.03125 0.996094 0.125 0.0078125 0.125 0.0078125 0.125 0.03125 0.125 0.125 0.0625 0.0625 0.125 0.0625 0.0625 0.125 0.0625 0.0625 0.125 0.0625 0.0625 0.125 0.03125 0.015625 0.03125 0.015625 0.03125 0.125 0.0625 0.0625 0.125 0.0625 0.0625 0.125 0.0625 0.0625 0.125 0.0625 0.125 0.0625 0.125 0.0625 0.0625 0.125 0.0625 0.0625 0.125 0.0625 0.0625 0.125 0.125 
0.125 0.0078125 0.125 0.0078125 0.125 0.0078125 0.125 0.0078125 0.125 0.0078125 0.125 0.03125 0.125 0.125 0.0625 0.0625 0.125 0.0625 0.0625 0.125 0.0625 0.0625 0.125 0.0625 0.0625 0.125 0.0625 0.0625 0.125 0.0625 0.0625 0.125 0.0625 0.0625 0.125 0.0625 0.0625 0.125 0.0625 0.0625 0.125 0.0625 0.0625 0.125 0.0625 0.0625 0.125 0.0625 0.03125 0.125 0.984375 0.125 0.0078125 0.125 0.0078125 0.0625 0.015625 0.125 0.0625 0.0625 0.125 0.0625 0.0625 0.125 0.0625 0.0625 0.125 0.0625 0.0625 0.125 0.0625 0.0625 0.0625 0.015625 0.015625 0.03125 0.03125 0.0625 0.125 0.0625 0.0625 0.125 0.0625 0.0625 0.125 0.0625 0.03125 0.03125 0.015625 0.03125 0.03125 0.125 0.0625 0.0625 0.125 0.0625 0.0625 0.125 0.03125 0.0625 
0.125 0.0078125 0.125 0.0078125 0.125 0.0078125 0.125 0.0078125 0.125 0.0078125 0.0625 0.015625 0.125 0.0625 0.0625 0.125 0.0625 0.0625 0.125 0.0625 0.0625 0.125 0.0625 0.0625 0.125 0.0625 0.0625 0.125 0.0625 0.0625 0.125 0.0625 0.0625 0.125 0.0625 0.0625 0.125 0.0625 0.0625 0.125 0.0625 0.0625 0.125 0.0625 0.0625 0.125 0.0625 0.0625 0.125 0.125 0.96875 0.125 0.0078125 0.125 0.00390625 0.03125 0.015625 0.0625 0.0625 0.125 0.0625 0.0625 0.125 0.0625 0.0625 0.125 0.0625 0.0625 0.125 0.0625 0.0625 0.125 0.0625 0.03125 0.03125 0.015625 0.015625 0.0625 0.0625 0.0625 0.125 0.0625 0.0625 0.125 0.0625 0.0625 0.125 0.125 0.125 0.125 0.125 0.0625 0.0625 0.125 0.0625 0.0625 0.125 0.0625 0.015625 0.125 
0.125 0.0078125 0.125 0.0078125 0.125 0.0078125 0.125 0.0078125 0.125 0.00390625 0.03125 0.015625 0.0625 0.0625 0.125 0.0625 0.0625 0.125 0.0625 0.0625 0.125 0.0625 0.0625 0.125 0.0625 0.0625 0.125 0.0625 0.0625 0.125 0.0625 0.0625 0.125 0.0625 0.0625 0.125 0.0625 0.0625 0.125 0.0625 0.0625 0.125 0.0625 0.0625 0.125 0.0625 0.0625 0.125 0.03125 0.0625 0.984375 0.125 0.0078125 0.125 0.0078125 0.125 0.015625 0.0625 0.125 0.0625 0.0625 0.125 0.0625 0.0625 0.125 0.0625 0.0625 0.125 0.0625 0.0625 0.125 0.0625 0.0625 0.125 0.03125 0.015625 0.03125 0.015625 0.03125 0.125 0.0625 0.0625 0.125 0.0625 0.0625 0.125 0.03125 0.03125 0.015625 0.03125 0.03125 0.0625 0.125 0.0625 0.0625 0.125 0.0625 0.0625 0.015625 0.03125 
0.125 0.0078125 0.125 0.0078125 0.125 0.0078125 0.125 0.0078125 0.125 0.0078125 0.125 0.015625 0.0625 0.125 0.0625 0.0625 0.125 0.0625 0.0625 0.125 0.0625 0.0625 0.125 0.0625 0.0625 0.125 0.0625 0.0625 0.125 0.0625 0.0625 0.125 0.0625 0.0625 0.125 0.0625 0.0625 0.125 0.0625 0.0625 0.125 0.0625 0.0625 0.125 0.0625 0.0625 0.125 0.0625 0.0078125 0.0625 0.996094 0.125 0.0078125 0.125 0.015625 0.0625 0.03125 0.125 0.0625 0.0625 0.125 0.0625 0.0625 0.125 0.0625 0.0625 0.125 0.0625 0.0625 0.125 0.0625 0.0625 0.125 0.0625 0.0625 0.0625 0.015625 0.015625 0.03125 0.03125 0.0625 0.125 0.0625 0.0625 0.125 0.0625 0.0625 0.125 0.0625 0.125 0.0625 0.125 0.0625 0.0625 0.125 0.0625 0.0625 0.125 0.015625 0.0625 
0.125 0.0078125 0.125 0.0078125 0.125 0.0078125 0.125 0.0078125 0.125 0.015625 0.0625 0.03125 0.125 0.0625 0.0625 0.125 0.0625 0.0625 0.125 0.0625 0.0625 0.125 0.0625 0.0625 0.125 0.0625 0.0625 0.125 0.0625 0.0625 0.125 0.0625 0.0625 0.125 0.0625 0.0625 0.125 0.0625 0.0625 0.125 0.0625 0.0625 0.125 0.0625 0.0625 0.125 0.0625 0.0625 0.0078125 0.03125 0.998047 0.125 0.0078125 0.125 0.03125 0.125 0.125 0.0625 0.0625 0.125 0.0625 0.0625 0.125 0.0625 0.0625 0.125 0.0625 0.0625 0.125 0.0625 0.0625 0.125 0.0625 0.0625 0.125 0.0625 0.03125 0.03125 0.015625 0.015625 0.0625 0.0625 0.0625 0.125 0.0625 0.0625 0.125 0.0625 0.125 0.0625 0.125 0.0625 0.0625 0.125 0.0625 0.0625 0.125 0.0625 0.03125 0.125 
0.125 0.0078125 0.125 0.0078125 0.125 0.0078125 0.125 0.0078125 0.125 0.03125 0.125 0.125 0.0625 0.0625 0.125 0.0625 0.0625 0.125 0.0625 0.0625 0.125 0.0625 0.0625 0.125 0.0625 0.0625 0.125 0.0625 0.0625 0.125 0.0625 0.0625 0.125 0.0625 0.0625 0.125 0.0625 0.0625 0.125 0.0625 0.0625 0.125 0.0625 0.0625 0.125 0.0625 0.0625 0.125 0.0078125 0.03125 0.996094 0.125 0.0078125 0.0625 0.015625 0.125 0.0625 0.0625 0.125 0.0625 0.0625 0.125 0.0625 0.0625 0.125 0.0625 0.0625 0.125 0.0625 0.0625 0.125 0.0625 0.0625 0.125 0.0625 0.0625 0.125 0.03125 0.015625 0.03125 0.015625 0.03125 0.125 0.0625 0.0625 0.125 0.0625 0.03125 0.03125 0.015625 0.03125 0.03125 0.125 0.0625 0.0625 0.125 0.0625 0.0625 0.125 0.125 
0.125 0.0078125 0.125 0.0078125 0.125 0.0078125 0.125 0.0078125 0.0625 0.015625 0.125 0.0625 0.0625 0.125 0.0625 0.0625 0.125 0.0625 0.0625 0.125 0.0625 0.0625 0.125 0.0625 0.0625 0.125 0.0625 0.0625 0.125 0.0625 0.0625 0.125 0.0625 0.0625 0.125 0.0625 0.0625 0.125 0.0625 0.0625 0.125 0.0625 0.0625 0.125 0.0625 0.0625 0.125 0.0625 0.03125 0.125 0.984375 0.125 0.00390625 0.03125 0.015625 0.0625 0.0625 0.125 0.0625 0.0625 0.125 0.0625 0.0625 0.125 0.0625 0.0625 0.125 0.0625 0.0625 0.125 0.0625 0.0625 0.125 0.0625 0.0625 0.125 0.0625 0.0625 0.0625 0.015625 0.015625 0.03125 0.03125 0.0625 0.125 0.0625 0.0625 0.125 0.125 0.125 0.125 0.125 0.0625 0.0625 0.125 0.0625 0.0625 0.125 0.03125 0.0625 
0.125 0.0078125 0.125 0.0078125 0.125 0.0078125 0.125 0.00390625 0.03125 0.015625 0.0625 0.0625 0.125 0.0625 0.0625 0.125 0.0625 0.0625 0.125 0.0625 0.0625 0.125 0.0625 0.0625 0.125 0.0625 0.0625 0.125 0.0625 0.0625 0.125 0.0625 0.0625 0.125 0.0625 0.0625 0.125 0.0625 0.0625 0.125 0.0625 0.0625 0.125 0.0625 0.0625 0.125 0.0625 0.0625 0.125 0.125 0.96875 0.125 0.0078125 0.125 0.015625 0.0625 0.125 0.0625 0.0625 0.125 0.0625 0.0625 0.125 0.0625 0.0625 0.125 0.0625 0.0625 0.125 0.0625 0.0625 0.125 0.0625 0.0625 0.125 0.0625 0.0625 0.125 0.0625 0.03125 0.03125 0.015625 0.015625 0.0625 0.0625 0.0625 0.125 0.03125 0.03125 0.015625 0.03125 0.03125 0.0625 0.125 0.0625 0.0625 0.125 0.0625 0.015625 0.125 
0.125 0.0078125 0.125 0.0078125 0.125 0.0078125 0.125 0.0078125 0.125 0.015625 0.0625 0.125 0.0625 0.0625 0.125 0.0625 0.0625 0.125 0.0625 0.0625 0.125 0.0625 0.0625 0.125 0.0625 0.0625 0.125 0.0625 0.0625 0.125 0.0625 0.0625 0.125 0.0625 0.0625 0.125 0.0625 0.0625 0.125 0.0625 0.0625 0.125 0.0625 0.0625 0.125 0.0625 0.0625 0.125 0.03125 0.0625 0.984375 0.125 0.015625 0.0625 0.03125 0.125 0.0625 0.0625 0.125 0.0625 0.0625 0.125 0.0625 0.0625 0.125 0.0625 0.0625 0.125 0.0625 0.0625 0.125 0.0625 0.0625 0.125 0.0625 0.0625 0.125 0.0625 0.0625 0.125 0.03125 0.015625 0.03125 0.015625 0.03125 0.125 0.0625 0.0625 0.125 0.0625 0.125 0.0625 0.125 0.0625 0.0625 0.125 0.0625 0.0625 0.015625 0.03125 
0.125 0.0078125 0.125 0.0078125 0.125 0.0078125 0.125 0.015625 0.0625 0.03125 0.125 0.0625 0.0625 0.125 0.0625 0.0625 0.125 0.0625 0.0625 0.125 0.0625 0.0625 0.125 0.0625 0.0625 0.125 0.0625 0.0625 0.125 0.0625 0.0625 0.125 0.0625 0.0625 0.125 0.0625 0.0625 0.125 0.0625 0.0625 0.125 0.0625 0.0625 0.125 0.0625 0.0625 0.125 0.0625 0.0078125 0.0625 0.996094 0.125 0.03125 0.125 0.125 0.0625 0.0625 0.125 0.0625 0.0625 0.125 0.0625 0.0625 0.125 0.0625 0.0625 0.125 0.0625 0.0625 0.125 0.0625 0.0625 0.125 0.0625 0.0625 0.125 0.0625 0.0625 0.125 0.0625 0.0625 0.0625 0.015625 0.015625 0.03125 0.03125 0.0625 0.125 0.0625 0.125 0.0625 0.125 0.0625 0.0625 0.125 0.0625 0.0625 0.125 0.015625 0.0625 
0.125 0.0078125 0.125 0.0078125 0.125 0.0078125 0.125 0.03125 0.125 0.125 0.0625 0.0625 0.125 0.0625 0.0625 0.125 0.0625 0.0625 0.125 0.0625 0.0625 0.125 0.0625 0.0625 0.125 0.0625 0.0625 0.125 0.0625 0.0625 0.125 0.0625 0.0625 0.125 0.0625 0.0625 0.125 0.0625 0.0625 0.125 0.0625 0.0625 0.125 0.0625 0.0625 0.125 0.0625 0.0625 0.0078125 0.03125 0.998047 0.0625 0.015625 0.125 0.0625 0.0625 0.125 0.0625 0.0625 0.125 0.0625 0.0625 0.125 0.0625 0.0625 0.125 0.0625 0.0625 0.125 0.0625 0.0625 0.125 0.0625 0.0625 0.125 0.0625 0.0625 0.125 0.0625 0.0625 0.125 0.0625 0.03125 0.03125 0.015625 0.015625 0.0625 0.0625 0.03125 0.03125 0.015625 0.03125 0.03125 0.125 0.0625 0.0625 0.125 0.0625 0.03125 0.125 
0.125 0.0078125 0.125 0.0078125 0.125 0.0078125 0.0625 0.015625 0.125 0.0625 0.0625 0.125 0.0625 0.0625 0.125 0.0625 0.0625 0.125 0.0625 0.0625 0.125 0.0625 0.0625 0.125 0.0625 0.0625 0.125 0.0625 0.0625 0.125 0.0625 0.0625 0.125 0.0625 0.0625 0.125 0.0625 0.0625 0.125 0.0625 0.0625 0.125 0.0625 0.0625 0.125 0.0625 0.0625 0.125 0.0078125 0.03125 0.998047 0.03125 0.015625 0.0625 0.0625 0.125 0.0625 0.0625 0.125 0.0625 0.0625 0.125 0.0625 0.0625 0.125 0.0625 0.0625 0.125 0.0625 0.0625 0.125 0.0625 0.0625 0.125 0.0625 0.0625 0.125 0.0625 0.0625 0.125 0.0625 0.0625 0.125 0.03125 0.015625 0.03125 0.015625 0.03125 0.125 0.125 0.125 0.125 0.125 0.0625 0.0625 0.125 0.0625 0.0625 0.125 0.125 
0.125 0.0078125 0.125 0.0078125 0.125 0.00390625 0.03125 0.015625 0.0625 0.0625 0.125 0.0625 0.0625 0.125 0.0625 0.0625 0.125 0.0625 0.0625 0.125 0.0625 0.0625 0.125 0.0625 0.0625 0.125 0.0625 0.0625 0.125 0.0625 0.0625 0.125 0.0625 0.0625 0.125 0.0625 0.0625 0.125 0.0625 0.0625 0.125 0.0625 0.0625 0.125 0.0625 0.0625 0.125 0.0625 0.03125 0.125 0.984375 0.125 0.015625 0.0625 0.125 0.0625 0.0625 0.125 0.0625 0.0625 0.125 0.0625 0.0625 0.125 0.0625 0.0625 0.125 0.0625 0.0625 0.125 0.0625 0.0625 0.125 0.0625 0.0625 0.125 0.0625 0.0625 0.125 0.0625 0.0625 0.125 0.0625 0.0625 0.0625 0.015625 0.015625 0.03125 0.015625 0.03125 0.015625 0.03125 0.03125 0.0625 0.125 0.0625 0.0625 0.125 0.03125 0.0625 
0.125 0.0078125 0.125 0.0078125 0.125 0.0078125 0.125 0.015625 0.0625 0.125 0.0625 0.0625 0.125 0.0625 0.0625 0.125 0.0625 0.0625 0.125 0.0625 0.0625 0.125 0.0625 0.0625 0.125 0.0625 0.0625 0.125 0.0625 0.0625 0.125 0.0625 0.0625 0.125 0.0625 0.0625 0.125 0.0625 0.0625 0.125 0.0625 0.0625 0.125 0.0625 0.0625 0.125 0.0625 0.0625 0.125 0.125 0.9375 0.0625 0.03125 0.125 0.0625 0.0625 0.125 0.0625 0.0625 0.125 0.0625 0.0625 0.125 0.0625 0.0625 0.125 0.0625 0.0625 0.125 0.0625 0.0625 0.125 0.0625 0.0625 0.125 0.0625 0.0625 0.125 0.0625 0.0625 0.125 0.0625 0.0625 0.125 0.0625 0.03125 0.03125 0.015625 0.015625 0.0625 0.0625 0.125 0.0625 0.125 0.0625 0.0625 0.125 0.0625 0.015625 0.125 
0.125 0.0078125 0.125 0.0078125 0.125 0.015625 0.0625 0.03125 0.125 0.0625 0.0625 0.125 0.0625 0.0625 0.125 0.0625 0.0625 0.125 0.0625 0.0625 0.125 0.0625 0.0625 0.125 0.0625 0.0625 0.125 0.0625 0.0625 0.125 0.0625 0.0625 0.125 0.0625 0.0625 0.125 0.0625 0.0625 0.125 0.0625 0.0625 0.125 0.0625 0.0625 0.125 0.0625 0.0625 0.125 0.0625 0.125 0.875 0.125 0.125 0.0625 0.0625 0.125 0.0625 0.0625 0.125 0.0625 0.0625 0.125 0.0625 0.0625 0.125 0.0625 0.0625 0.125 0.0625 0.0625 0.125 0.0625 0.0625 0.125 0.0625 0.0625 0.125 0.0625 0.0625 0.125 0.0625 0.0625 0.125 0.0625 0.0625 0.125 0.03125 0.015625 0.03125 0.015625 0.0625 0.0625 0.125 0.0625 0.0625 0.125 0.0625 0.0625 0.015625 0.03125 
0.125 0.0078125 0.125 0.0078125 0.125 0.03125 0.125 0.125 0.0625 0.0625 0.125 0.0625 0.0625 0.125 0.0625 0.0625 0.125 0.0625 0.0625 0.125 0.0625 0.0625 0.125 0.0625 0.0625 0.125 0.0625 0.0625 0.125 0.0625 0.0625 0.125 0.0625 0.0625 0.125 0.0625 0.0625 0.125 0.0625 0.0625 0.125 0.0625 0.0625 0.125 0.0625 0.0625 0.125 0.0625 0.0625 0.125 0.0625 0.125 0.0625 0.0625 0.125 0.0625 0.0625 0.125 0.0625 0.0625 0.125 0.0625 0.0625 0.125 0.0625 0.0625 0.125 0.0625 0.0625 0.125 0.0625 0.0625 0.125 0.0625 0.0625 0.125 0.0625 0.0625 0.125 0.0625 0.0625 0.125 0.0625 0.0625 0.125 0.0625 0.0625 0.0625 0.015625 0.0078125 0.0078125 0.0078125 0.03125 0.03125 0.125 0.0625 0.0625 0.125 0.015625 0.0625 
0.125 0.0078125 0.125 0.0078125 0.0625 0.015625 0.125 0.0625 0.0625 0.125 0.0625 0.0625 0.125 0.0625 0.0625 0.125 0.0625 0.0625 0.125 0.0625 0.0625 0.125 0.0625 0.0625 0.125 0.0625 0.0625 0.125 0.0625 0.0625 0.125 0.0625 0.0625 0.125 0.0625 0.0625 0.125 0.0625 0.0625 0.125 0.0625 0.0625 0.125 0.0625 0.0625 0.125 0.0625 0.0625 0.125 0.0625 0.125 0.0625 0.0625 0.125 0.0625 0.0625 0.125 0.0625 0.0625 0.125 0.0625 0.0625 0.125 0.0625 0.0625 0.125 0.0625 0.0625 0.125 0.0625 0.0625 0.125 0.0625 0.0625 0.125 0.0625 0.0625 0.125 0.0625 0.0625 0.125 0.0625 0.0625 0.125 0.0625 0.0625 0.125 0.0625 0.03125 0.03125 0.03125 0.03125 0.0625 0.125 0.0625 0.0625 0.125 0.0625 0.03125 0.125 
0.125 0.0078125 0.125 0.00390625 0.03125 0.015625 0.0625 0.0625 0.125 0.0625 0.0625 0.125 0.0625 0.0625 0.125 0.0625 0.0625 0.125 0.0625 0.0625 0.125 0.0625 0.0625 0.125 0.0625 0.0625 0.125 0.0625 0.0625 0.125 0.0625 0.0625 0.125 0.0625 0.0625 0.125 0.0625 0.0625 0.125 0.0625 0.0625 0.125 0.0625 0.0625 0.125 0.0625 0.0625 0.125 0.0625 0.03125 0.03125 0.03125 0.125 0.0625 0.0625 0.125 0.0625 0.0625 0.125 0.0625 0.0625 0.125 0.0625 0.0625 0.125 0.0625 0.0625 0.125 0.0625 0.0625 0.125 0.0625 0.0625 0.125 0.0625 0.0625 0.125 0.0625 0.0625 0.125 0.0625 0.0625 0.125 0.0625 0.0625 0.125 0.0625 0.0625 0.125 0.015625 0.0078125 0.00390625 0.0078125 0.015625 0.0625 0.125 0.0625 0.0625 0.125 0.125 
0.125 0.0078125 0.125 0.0078125 0.125 0.015625 0.0625 0.125 0.0625 0.0625 0.125 0.0625 0.0625 0.125 0.0625 0.0625 0.125 0.0625 0.0625 0.125 0.0625 0.0625 0.125 0.0625 0.0625 0.125 0.0625 0.0625 0.125 0.0625 0.0625 0.125 0.0625 0.0625 0.125 0.0625 0.0625 0.125 0.0625 0.0625 0.125 0.0625 0.0625 0.125 0.0625 0.0625 0.125 0.0625 0.0625 0.125 0.125 0.125 0.0625 0.0625 0.125 0.0625 0.0625 0.125 0.0625 0.0625 0.125 0.0625 0.0625 0.125 0.0625 0.0625 0.125 0.0625 0.0625 0.125 0.0625 0.0625 0.125 0.0625 0.0625 0.125 0.0625 0.0625 0.125 0.0625 0.0625 0.125 0.0625 0.0625 0.125 0.0625 0.0625 0.125 0.0625 0.0625 0.0625 0.015625 0.03125 0.015625 0.0625 0.0625 0.0625 0.125 0.03125 0.0625 
0.125 0.0078125 0.125 0.015625 0.0625 0.03125 0.125 0.0625 0.0625 0.125 0.0625 0.0625 0.125 0.0625 0.0625 0.125 0.0625 0.0625 0.125 0.0625 0.0625 0.125 0.0625 0.0625 0.125 0.0625 0.0625 0.125 0.0625 0.0625 0.125 0.0625 0.0625 0.125 0.0625 0.0625 0.125 0.0625 0.0625 0.125 0.0625 0.0625 0.125 0.0625 0.0625 0.125 0.0625 0.0625 0.125 0.03125 0.03125 0.03125 0.0625 0.125 0.0625 0.0625 0.125 0.0625 0.0625 0.125 0.0625 0.0625 0.125 0.0625 0.0625 0.125 0.0625 0.0625 0.125 0.0625 0.0625 0.125 0.0625 0.0625 0.125 0.0625 0.0625 0.125 0.0625 0.0625 0.125 0.0625 0.0625 0.125 0.0625 0.0625 0.125 0.0625 0.0625 0.125 0.0625 0.0625 0.015625 0.03125 0.015625 0.03125 0.125 0.0625 0.015625 0.125 
0.125 0.0078125 0.125 0.03125 0.125 0.125 0.0625 0.0625 0.125 0.0625 0.0625 0.125 0.0625 0.0625 0.125 0.0625 0.0625 0.125 0.0625 0.0625 0.125 0.0625 0.0625 0.125 0.0625 0.0625 0.125 0.0625 0.0625 0.125 0.0625 0.0625 0.125 0.0625 0.0625 0.125 0.0625 0.0625 0.125 0.0625 0.0625 0.125 0.0625 0.0625 0.125 0.0625 0.0625 0.125 0.0625 0.0625 0.125 0.0625 0.125 0.0625 0.0625 0.125 0.0625 0.0625 0.125 0.0625 0.0625 0.125 0.0625 0.0625 0.125 0.0625 0.0625 0.125 0.0625 0.0625 0.125 0.0625 0.0625 0.125 0.0625 0.0625 0.125 0.0625 0.0625 0.125 0.0625 0.0625 0.125 0.0625 0.0625 0.125 0.0625 0.0625 0.125 0.0625 0.03125 0.03125 0.0078125 0.0078125 0.0078125 0.03125 0.03125 0.0625 0.015625 0.03125 
0.125 0.0078125 0.0625 0.015625 0.125 0.0625 0.0625 0.125 0.0625 0.0625 0.125 0.0625 0.0625 0.125 0.0625 0.0625 0.125 0.0625 0.0625 0.125 0.0625 0.0625 0.125 0.0625 0.0625 0.125 0.0625 0.0625 0.125 0.0625 0.0625 0.125 0.0625 0.0625 0.125 0.0625 0.0625 0.125 0.0625 0.0625 0.125 0.0625 0.0625 0.125 0.0625 0.0625 0.125 0.0625 0.0625 0.125 0.0625 0.125 0.0625 0.0625 0.125 0.0625 0.0625 0.125 0.0625 0.0625 0.125 0.0625 0.0625 0.125 0.0625 0.0625 0.125 0.0625 0.0625 0.125 0.0625 0.0625 0.125 0.0625 0.0625 0.125 0.0625 0.0625 0.125 0.0625 0.0625 0.125 0.0625 0.0625 0.125 0.0625 0.0625 0.125 0.0625 0.0625 0.125 0.125 0.125 0.0625 0.03125 0.015625 0.015625 0.0625 0.015625 0.0625 
0.125 0.00390625 0.03125 0.015625 0.0625 0.0625 0.125 0.0625 0.0625 0.125 0.0625 0.0625 0.125 0.0625 0.0625 0.125 0.0625 0.0625 0.125 0.0625 0.0625 0.125 0.0625 0.0625 0.125 0.0625 0.0625 0.125 0.0625 0.0625 0.125 0.0625 0.0625 0.125 0.0625 0.0625 0.125 0.0625 0.0625 0.125 0.0625 0.0625 0.125 0.0625 0.0625 0.125 0.0625 0.0625 0.125 0.0625 0.03125 0.03125 0.03125 0.125 0.0625 0.0625 0.125 0.0625 0.0625 0.125 0.0625 0.0625 0.125 0.0625 0.0625 0.125 0.0625 0.0625 0.125 0.0625 0.0625 0.125 0.0625 0.0625 0.125 0.0625 0.0625 0.125 0.0625 0.0625 0.125 0.0625 0.0625 0.125 0.0625 0.0625 0.125 0.0625 0.0625 0.125 0.03125 0.03125 0.015625 0.03125 0.015625 0.015625 0.03125 0.015625 0.015625 0.125 
0.125 0.0078125 0.125 0.015625 0.0625 0.125 0.0625 0.0625 0.125 0.0625 0.0625 0.125 0.0625 0.0625 0.125 0.0625 0.0625 0.125 0.0625 0.0625 0.125 0.0625 0.0625 0.125 0.0625 0.0625 0.125 0.0625 0.0625 0.125 0.0625 0.0625 0.125 0.0625 0.0625 0.125 0.0625 0.0625 0.125 0.0625 0.0625 0.125 0.0625 0.0625 0.125 0.0625 0.0625 0.125 0.0625 0.0625 0.125 0.125 0.125 0.0625 0.0625 0.125 0.0625 0.0625 0.125 0.0625 0.0625 0.125 0.0625 0.0625 0.125 0.0625 0.0625 0.125 0.0625 0.0625 0.125 0.0625 0.0625 0.125 0.0625 0.0625 0.125 0.0625 0.0625 0.125 0.0625 0.0625 0.125 0.0625 0.0625 0.125 0.0625 0.0625 0.125 0.0625 0.0625 0.125 0.0625 0.125 0.0625 0.0625 0.015625 0.015625 0.03125 0.0625 
0.125 0.015625 0.0625 0.03125 0.125 0.0625 0.0625 0.125 0.0625 0.0625 0.125 0.0625 0.0625 0.125 0.0625 0.0625 0.125 0.0625 0.0625 0.125 0.0625 0.0625 0.125 0.0625 0.0625 0.125 0.0625 0.0625 0.125 0.0625 0.0625 0.125 0.0625 0.0625 0.125 0.0625 0.0625 0.125 0.0625 0.0625 0.125 0.0625 0.0625 0.125 0.0625 0.0625 0.125 0.0625 0.0625 0.125 0.03125 0.03125 0.03125 0.0625 0.125 0.0625 0.0625 0.125 0.0625 0.0625 0.125 0.0625 0.0625 0.125 0.0625 0.0625 0.125 0.0625 0.0625 0.125 0.0625 0.0625 0.125 0.0625 0.0625 0.125 0.0625 0.0625 0.125 0.0625 0.0625 0.125 0.0625 0.0625 0.125 0.0625 0.0625 0.125 0.0625 0.0625 0.125 0.0625 0.125 0.0625 0.125 0.0625 0.03125 0.03125 0.015625 0.03125 
0.125 0.03125 0.125 0.125 0.0625 0.0625 0.125 0.0625 0.0625 0.125 0.0625 0.0625 0.125 0.0625 0.0625 0.125 0.0625 0.0625 0.125 0.0625 0.0625 0.125 0.0625 0.0625 0.125 0.0625 0.0625 0.125 0.0625 0.0625 0.125 0.0625 0.0625 0.125 0.0625 0.0625 0.125 0.0625 0.0625 0.125 0.0625 0.0625 0.125 0.0625 0.0625 0.125 0.0625 0.0625 0.125 0.0625 0.0625 0.125 0.0625 0.125 0.0625 0.0625 0.125 0.0625 0.0625 0.125 0.0625 0.0625 0.125 0.0625 0.0625 0.125 0.0625 0.0625 0.125 0.0625 0.0625 0.125 0.0625 0.0625 0.125 0.0625 0.0625 0.125 0.0625 0.0625 0.125 0.0625 0.0625 0.125 0.0625 0.0625 0.125 0.0625 0.0625 0.125 0.0625 0.03125 0.03125 0.015625 0.03125 0.03125 0.125 0.03125 0.015625 0.125 
0.03125 0.0078125 0.125 0.03125 0.015625 0.015625 0.015625 0.03125 0.125 0.03125 0.015625 0.015625 0.015625 0.03125 0.125 0.03125 0.015625 0.015625 0.015625 0.03125 0.125 0.03125 0.015625 0.015625 0.015625 0.03125 0.125 0.03125 0.015625 0.015625 0.015625 0.03125 0.125 0.03125 0.015625 0.015625 0.015625 0.03125 0.125 0.03125 0.015625 0.015625 0.015625 0.03125 0.125 0.03125 0.015625 0.015625 0.015625 0.03125 0.125 0.0625 0.125 0.03125 0.015625 0.015625 0.015625 0.03125 0.125 0.03125 0.015625 0.015625 0.015625 0.03125 0.125 0.03125 0.015625 0.015625 0.015625 0.03125 0.125 0.03125 0.015625 0.015625 0.015625 0.03125 0.125 0.03125 0.015625 0.015625 0.015625 0.03125 0.125 0.03125 0.015625 0.015625 0.015625 0.03125 0.125 0.03125 0.015625 0.015625 0.015625 0.015625 0.015625 0.015625 0.015625 0.03125 0.0625 0.0625 
0.125 0.03125 0.125 0.0625 0.125 0.03125 0.0625 0.125 0.125 0.0625 0.125 0.03125 0.0625 0.125 0.125 0.0625 0.125 0.03125 0.0625 0.125 0.125 0.0625 0.125 0.03125 0.0625 0.125 0.125 0.0625 0.125 0.03125 0.0625 0.125 0.125 0.0625 0.125 0.03125 0.0625 0.125 0.125 0.0625 0.125 0.03125 0.0625 0.125 0.125 0.0625 0.125 0.03125 0.0625 0.125 0.125 0.125 0.25 0.0625 0.125 0.03125 0.0625 0.125 0.125 0.0625 0.125 0.03125 0.0625 0.125 0.125 0.0625 0.125 0.03125 0.0625 0.125 0.125 0.0625 0.125 0.03125 0.0625 0.125 0.125 0.0625 0.125 0.03125 0.0625 0.125 0.125 0.0625 0.125 0.03125 0.0625 0.125 0.125 0.0625 0.125 0.015625 0.015625 0.015625 0.015625 0.03125 0.0625 0.125 0.125 0.25 


....................................................................................................
....................................................................................................
....................................................................................................
....................................................................................................
....................................................................................................
....................................................................................................
....................................................................................................
....................................................................................................
....................................................................................................
....................................................................................................
....................................................................................................
....................................................................................................
..................................................O.................................................
..................................................O.................................................
..................................................O.................................................
..................................................O.................................................
..................................................O.................................................
..................................................O.................................................
..................................................O.................................................
..................................................O.................................................
..................................................O.................................................
..................................................O.................................................
..................................................O.................................................
..................................................O.................................................
..................................................O.................................................
..................................................O.................................................
..................................................O.................................................
..................................................O.................................................
..................................................O.................................................
..................................................O.................................................
..................................................O.................................................
..................................................O.................................................
..................................................O.................................................
..................................................O.................................................
..................................................O.................................................
..................................................O.................................................
..................................................O.................................................
..................................................O.................................................
..................................................O.................................................
..................................................O.................................................
..................................................O.................................................
..................................................O.................................................
..................................................O.................................................
..................................................O.................................................
..................................................O.................................................
..................................................O.................................................
..................................................O.................................................
..................................................O.................................................
..................................................O.................................................
..................................................O.................................................
............OOOOOOOOOOOOOOOOOOOOOOOOOOOOOOOOOOOOOOOOOOOOOOOOOOOOOOOOOOOOOOOOOOOOOOOOOOO.............
..................................................O.................................................
..................................................O.................................................
..................................................O.................................................
..................................................O.................................................
..................................................O.................................................
..................................................O.................................................
..................................................O.................................................
..................................................O.................................................
..................................................O.................................................
..................................................O.................................................
..................................................O.................................................
..................................................O.................................................
..................................................O.................................................
..................................................O.................................................
..................................................O.................................................
..................................................O.................................................
..................................................O.................................................
..................................................O.................................................
..................................................O.................................................
..................................................O.................................................
..................................................O.................................................
..................................................O.................................................
..................................................O.................................................
..................................................O.................................................
..................................................O.................................................
..................................................O.................................................
..................................................O.................................................
..................................................O.................................................
..................................................O.................................................
..................................................O.................................................
..................................................O.................................................
..................................................O.................................................
..................................................O.................................................
..................................................O.................................................
..................................................O.................................................
..................................................O.................................................
....................................................................................................
....................................................................................................
....................................................................................................
....................................................................................................
....................................................................................................
....................................................................................................
....................................................................................................
....................................................................................................
....................................................................................................
....................................................................................................
....................................................................................................
....................................................................................................
....................................................................................................
Time to calculate the route (ms): 13952
